{"meta": {"format": 3, "version": "7.13.1", "timestamp": "2026-01-29T09:15:03.013805", "branch_coverage": false, "show_contexts": false}, "files": {"__init__.py": {"executed_lines": [], "summary": {"covered_lines": 0, "num_statements": 0, "percent_covered": 100.0, "percent_covered_display": "100", "missing_lines": 0, "excluded_lines": 0, "percent_statements_covered": 100.0, "percent_statements_covered_display": "100"}, "missing_lines": [], "excluded_lines": [], "functions": {"": {"executed_lines": [], "summary": {"covered_lines": 0, "num_statements": 0, "percent_covered": 100.0, "percent_covered_display": "100", "missing_lines": 0, "excluded_lines": 0, "percent_statements_covered": 100.0, "percent_statements_covered_display": "100"}, "missing_lines": [], "excluded_lines": [], "start_line": 1}}, "classes": {"": {"executed_lines": [], "summary": {"covered_lines": 0, "num_statements": 0, "percent_covered": 100.0, "percent_covered_display": "100", "missing_lines": 0, "excluded_lines": 0, "percent_statements_covered": 100.0, "percent_statements_covered_display": "100"}, "missing_lines": [], "excluded_lines": [], "start_line": 1}}}, "api/__init__.py": {"executed_lines": [], "summary": {"covered_lines": 0, "num_statements": 0, "percent_covered": 100.0, "percent_covered_display": "100", "missing_lines": 0, "excluded_lines": 0, "percent_statements_covered": 100.0, "percent_statements_covered_display": "100"}, "missing_lines": [], "excluded_lines": [], "functions": {"": {"executed_lines": [], "summary": {"covered_lines": 0, "num_statements": 0, "percent_covered": 100.0, "percent_covered_display": "100", "missing_lines": 0, "excluded_lines": 0, "percent_statements_covered": 100.0, "percent_statements_covered_display": "100"}, "missing_lines": [], "excluded_lines": [], "start_line": 1}}, "classes": {"": {"executed_lines": [], "summary": {"covered_lines": 0, "num_statements": 0, "percent_covered": 100.0, "percent_covered_display": "100", "missing_lines": 0, "excluded_lines": 0, "percent_statements_covered": 100.0, "percent_statements_covered_display": "100"}, "missing_lines": [], "excluded_lines": [], "start_line": 1}}}, "api/routes/__init__.py": {"executed_lines": [], "summary": {"covered_lines": 0, "num_statements": 0, "percent_covered": 100.0, "percent_covered_display": "100", "missing_lines": 0, "excluded_lines": 0, "percent_statements_covered": 100.0, "percent_statements_covered_display": "100"}, "missing_lines": [], "excluded_lines": [], "functions": {"": {"executed_lines": [], "summary": {"covered_lines": 0, "num_statements": 0, "percent_covered": 100.0, "percent_covered_display": "100", "missing_lines": 0, "excluded_lines": 0, "percent_statements_covered": 100.0, "percent_statements_covered_display": "100"}, "missing_lines": [], "excluded_lines": [], "start_line": 1}}, "classes": {"": {"executed_lines": [], "summary": {"covered_lines": 0, "num_statements": 0, "percent_covered": 100.0, "percent_covered_display": "100", "missing_lines": 0, "excluded_lines": 0, "percent_statements_covered": 100.0, "percent_statements_covered_display": "100"}, "missing_lines": [], "excluded_lines": [], "start_line": 1}}}, "api/routes/payments.py": {"executed_lines": [1, 2, 3, 4, 6, 7, 8, 10, 11, 14, 15, 17, 18, 67, 68], "summary": {"covered_lines": 15, "num_statements": 59, "percent_covered": 25.423728813559322, "percent_covered_display": "25", "missing_lines": 44, "excluded_lines": 0, "percent_statements_covered": 25.423728813559322, "percent_statements_covered_display": "25"}, "missing_lines": [26, 27, 28, 30, 31, 33, 35, 36, 37, 40, 54, 55, 56, 59, 61, 63, 64, 65, 74, 75, 76, 78, 80, 81, 96, 97, 98, 101, 105, 106, 107, 109, 110, 113, 114, 115, 116, 118, 120, 121, 122, 125, 126, 127], "excluded_lines": [], "functions": {"create_crypto_charge": {"executed_lines": [], "summary": {"covered_lines": 0, "num_statements": 18, "percent_covered": 0.0, "percent_covered_display": "0", "missing_lines": 18, "excluded_lines": 0, "percent_statements_covered": 0.0, "percent_statements_covered_display": "0"}, "missing_lines": [26, 27, 28, 30, 31, 33, 35, 36, 37, 40, 54, 55, 56, 59, 61, 63, 64, 65], "excluded_lines": [], "start_line": 18}, "create_checkout_session": {"executed_lines": [], "summary": {"covered_lines": 0, "num_statements": 26, "percent_covered": 0.0, "percent_covered_display": "0", "missing_lines": 26, "excluded_lines": 0, "percent_statements_covered": 0.0, "percent_statements_covered_display": "0"}, "missing_lines": [74, 75, 76, 78, 80, 81, 96, 97, 98, 101, 105, 106, 107, 109, 110, 113, 114, 115, 116, 118, 120, 121, 122, 125, 126, 127], "excluded_lines": [], "start_line": 68}, "": {"executed_lines": [1, 2, 3, 4, 6, 7, 8, 10, 11, 14, 15, 17, 18, 67, 68], "summary": {"covered_lines": 15, "num_statements": 15, "percent_covered": 100.0, "percent_covered_display": "100", "missing_lines": 0, "excluded_lines": 0, "percent_statements_covered": 100.0, "percent_statements_covered_display": "100"}, "missing_lines": [], "excluded_lines": [], "start_line": 1}}, "classes": {"": {"executed_lines": [1, 2, 3, 4, 6, 7, 8, 10, 11, 14, 15, 17, 18, 67, 68], "summary": {"covered_lines": 15, "num_statements": 59, "percent_covered": 25.423728813559322, "percent_covered_display": "25", "missing_lines": 44, "excluded_lines": 0, "percent_statements_covered": 25.423728813559322, "percent_statements_covered_display": "25"}, "missing_lines": [26, 27, 28, 30, 31, 33, 35, 36, 37, 40, 54, 55, 56, 59, 61, 63, 64, 65, 74, 75, 76, 78, 80, 81, 96, 97, 98, 101, 105, 106, 107, 109, 110, 113, 114, 115, 116, 118, 120, 121, 122, 125, 126, 127], "excluded_lines": [], "start_line": 1}}}, "api/routes/system.py": {"executed_lines": [1, 2, 3, 5, 6, 7, 9, 11, 12, 13, 14, 16, 17, 20, 21, 25, 26], "summary": {"covered_lines": 17, "num_statements": 29, "percent_covered": 58.62068965517241, "percent_covered_display": "59", "missing_lines": 12, "excluded_lines": 0, "percent_statements_covered": 58.62068965517241, "percent_statements_covered_display": "59"}, "missing_lines": [18, 23, 38, 39, 40, 41, 42, 47, 48, 50, 55, 63], "excluded_lines": [], "functions": {"read_root": {"executed_lines": [], "summary": {"covered_lines": 0, "num_statements": 1, "percent_covered": 0.0, "percent_covered_display": "0", "missing_lines": 1, "excluded_lines": 0, "percent_statements_covered": 0.0, "percent_statements_covered_display": "0"}, "missing_lines": [18], "excluded_lines": [], "start_line": 17}, "health_check": {"executed_lines": [], "summary": {"covered_lines": 0, "num_statements": 1, "percent_covered": 0.0, "percent_covered_display": "0", "missing_lines": 1, "excluded_lines": 0, "percent_statements_covered": 0.0, "percent_statements_covered_display": "0"}, "missing_lines": [23], "excluded_lines": [], "start_line": 21}, "submit_feedback": {"executed_lines": [], "summary": {"covered_lines": 0, "num_statements": 10, "percent_covered": 0.0, "percent_covered_display": "0", "missing_lines": 10, "excluded_lines": 0, "percent_statements_covered": 0.0, "percent_statements_covered_display": "0"}, "missing_lines": [38, 39, 40, 41, 42, 47, 48, 50, 55, 63], "excluded_lines": [], "start_line": 26}, "": {"executed_lines": [1, 2, 3, 5, 6, 7, 9, 11, 12, 13, 14, 16, 17, 20, 21, 25, 26], "summary": {"covered_lines": 17, "num_statements": 17, "percent_covered": 100.0, "percent_covered_display": "100", "missing_lines": 0, "excluded_lines": 0, "percent_statements_covered": 100.0, "percent_statements_covered_display": "100"}, "missing_lines": [], "excluded_lines": [], "start_line": 1}}, "classes": {"FeedbackModel": {"executed_lines": [], "summary": {"covered_lines": 0, "num_statements": 0, "percent_covered": 100.0, "percent_covered_display": "100", "missing_lines": 0, "excluded_lines": 0, "percent_statements_covered": 100.0, "percent_statements_covered_display": "100"}, "missing_lines": [], "excluded_lines": [], "start_line": 11}, "": {"executed_lines": [1, 2, 3, 5, 6, 7, 9, 11, 12, 13, 14, 16, 17, 20, 21, 25, 26], "summary": {"covered_lines": 17, "num_statements": 29, "percent_covered": 58.62068965517241, "percent_covered_display": "59", "missing_lines": 12, "excluded_lines": 0, "percent_statements_covered": 58.62068965517241, "percent_statements_covered_display": "59"}, "missing_lines": [18, 23, 38, 39, 40, 41, 42, 47, 48, 50, 55, 63], "excluded_lines": [], "start_line": 1}}}, "api/routes/tasks.py": {"executed_lines": [1, 2, 3, 4, 5, 7, 8, 9, 10, 11, 12, 13, 14, 15, 17, 18, 20, 21, 59, 60, 116, 117, 133, 134, 160, 161, 278, 279], "summary": {"covered_lines": 28, "num_statements": 111, "percent_covered": 25.225225225225227, "percent_covered_display": "25", "missing_lines": 83, "excluded_lines": 0, "percent_statements_covered": 25.225225225225227, "percent_statements_covered_display": "25"}, "missing_lines": [30, 32, 33, 35, 36, 37, 40, 42, 53, 54, 55, 74, 76, 77, 80, 81, 86, 88, 89, 93, 94, 97, 101, 106, 110, 112, 113, 114, 125, 129, 131, 145, 146, 147, 149, 150, 153, 154, 155, 157, 184, 185, 186, 188, 189, 191, 193, 194, 196, 198, 205, 208, 209, 210, 216, 217, 218, 223, 226, 227, 229, 235, 236, 239, 240, 243, 245, 247, 249, 250, 251, 253, 254, 255, 263, 264, 266, 290, 291, 292, 294, 295, 297], "excluded_lines": [], "functions": {"preview_video": {"executed_lines": [], "summary": {"covered_lines": 0, "num_statements": 11, "percent_covered": 0.0, "percent_covered_display": "0", "missing_lines": 11, "excluded_lines": 0, "percent_statements_covered": 0.0, "percent_statements_covered_display": "0"}, "missing_lines": [30, 32, 33, 35, 36, 37, 40, 42, 53, 54, 55], "excluded_lines": [], "start_line": 21}, "process_video": {"executed_lines": [], "summary": {"covered_lines": 0, "num_statements": 17, "percent_covered": 0.0, "percent_covered_display": "0", "missing_lines": 17, "excluded_lines": 0, "percent_statements_covered": 0.0, "percent_statements_covered_display": "0"}, "missing_lines": [74, 76, 77, 80, 81, 86, 88, 89, 93, 94, 97, 101, 106, 110, 112, 113, 114], "excluded_lines": [], "start_line": 60}, "retry_output": {"executed_lines": [], "summary": {"covered_lines": 0, "num_statements": 3, "percent_covered": 0.0, "percent_covered_display": "0", "missing_lines": 3, "excluded_lines": 0, "percent_statements_covered": 0.0, "percent_statements_covered_display": "0"}, "missing_lines": [125, 129, 131], "excluded_lines": [], "start_line": 117}, "update_task_title": {"executed_lines": [], "summary": {"covered_lines": 0, "num_statements": 9, "percent_covered": 0.0, "percent_covered_display": "0", "missing_lines": 9, "excluded_lines": 0, "percent_statements_covered": 0.0, "percent_statements_covered_display": "0"}, "missing_lines": [145, 146, 147, 149, 150, 153, 154, 155, 157], "excluded_lines": [], "start_line": 134}, "stream_task_progress": {"executed_lines": [], "summary": {"covered_lines": 0, "num_statements": 7, "percent_covered": 0.0, "percent_covered_display": "0", "missing_lines": 7, "excluded_lines": 0, "percent_statements_covered": 0.0, "percent_statements_covered_display": "0"}, "missing_lines": [184, 185, 186, 188, 189, 191, 266], "excluded_lines": [], "start_line": 161}, "stream_task_progress.event_generator": {"executed_lines": [], "summary": {"covered_lines": 0, "num_statements": 30, "percent_covered": 0.0, "percent_covered_display": "0", "missing_lines": 30, "excluded_lines": 0, "percent_statements_covered": 0.0, "percent_statements_covered_display": "0"}, "missing_lines": [193, 194, 196, 198, 205, 208, 209, 210, 216, 217, 218, 223, 226, 227, 229, 235, 236, 239, 240, 243, 245, 247, 249, 250, 251, 253, 254, 255, 263, 264], "excluded_lines": [], "start_line": 191}, "get_task_status": {"executed_lines": [], "summary": {"covered_lines": 0, "num_statements": 6, "percent_covered": 0.0, "percent_covered_display": "0", "missing_lines": 6, "excluded_lines": 0, "percent_statements_covered": 0.0, "percent_statements_covered_display": "0"}, "missing_lines": [290, 291, 292, 294, 295, 297], "excluded_lines": [], "start_line": 279}, "": {"executed_lines": [1, 2, 3, 4, 5, 7, 8, 9, 10, 11, 12, 13, 14, 15, 17, 18, 20, 21, 59, 60, 116, 117, 133, 134, 160, 161, 278, 279], "summary": {"covered_lines": 28, "num_statements": 28, "percent_covered": 100.0, "percent_covered_display": "100", "missing_lines": 0, "excluded_lines": 0, "percent_statements_covered": 100.0, "percent_statements_covered_display": "100"}, "missing_lines": [], "excluded_lines": [], "start_line": 1}}, "classes": {"": {"executed_lines": [1, 2, 3, 4, 5, 7, 8, 9, 10, 11, 12, 13, 14, 15, 17, 18, 20, 21, 59, 60, 116, 117, 133, 134, 160, 161, 278, 279], "summary": {"covered_lines": 28, "num_statements": 111, "percent_covered": 25.225225225225227, "percent_covered_display": "25", "missing_lines": 83, "excluded_lines": 0, "percent_statements_covered": 25.225225225225227, "percent_statements_covered_display": "25"}, "missing_lines": [30, 32, 33, 35, 36, 37, 40, 42, 53, 54, 55, 74, 76, 77, 80, 81, 86, 88, 89, 93, 94, 97, 101, 106, 110, 112, 113, 114, 125, 129, 131, 145, 146, 147, 149, 150, 153, 154, 155, 157, 184, 185, 186, 188, 189, 191, 193, 194, 196, 198, 205, 208, 209, 210, 216, 217, 218, 223, 226, 227, 229, 235, 236, 239, 240, 243, 245, 247, 249, 250, 251, 253, 254, 255, 263, 264, 266, 290, 291, 292, 294, 295, 297], "excluded_lines": [], "start_line": 1}}}, "api/routes/webhooks.py": {"executed_lines": [1, 2, 3, 4, 5, 6, 7, 9, 10, 11, 13, 14, 17, 18, 20, 21, 150, 151], "summary": {"covered_lines": 18, "num_statements": 113, "percent_covered": 15.929203539823009, "percent_covered_display": "16", "missing_lines": 95, "excluded_lines": 0, "percent_statements_covered": 15.929203539823009, "percent_statements_covered_display": "16"}, "missing_lines": [26, 27, 30, 31, 35, 36, 37, 39, 40, 41, 42, 44, 45, 47, 49, 51, 52, 53, 54, 55, 56, 57, 60, 61, 64, 65, 66, 67, 68, 71, 73, 83, 88, 90, 93, 94, 95, 96, 98, 100, 101, 104, 108, 109, 110, 111, 113, 115, 116, 117, 118, 124, 125, 126, 128, 130, 131, 132, 134, 136, 137, 139, 141, 146, 148, 155, 156, 158, 159, 162, 163, 164, 167, 168, 169, 170, 171, 172, 175, 176, 177, 178, 179, 182, 184, 185, 186, 189, 191, 199, 200, 201, 202, 204, 206], "excluded_lines": [], "functions": {"creem_webhook": {"executed_lines": [], "summary": {"covered_lines": 0, "num_statements": 65, "percent_covered": 0.0, "percent_covered_display": "0", "missing_lines": 65, "excluded_lines": 0, "percent_statements_covered": 0.0, "percent_statements_covered_display": "0"}, "missing_lines": [26, 27, 30, 31, 35, 36, 37, 39, 40, 41, 42, 44, 45, 47, 49, 51, 52, 53, 54, 55, 56, 57, 60, 61, 64, 65, 66, 67, 68, 71, 73, 83, 88, 90, 93, 94, 95, 96, 98, 100, 101, 104, 108, 109, 110, 111, 113, 115, 116, 117, 118, 124, 125, 126, 128, 130, 131, 132, 134, 136, 137, 139, 141, 146, 148], "excluded_lines": [], "start_line": 21}, "coinbase_webhook": {"executed_lines": [], "summary": {"covered_lines": 0, "num_statements": 30, "percent_covered": 0.0, "percent_covered_display": "0", "missing_lines": 30, "excluded_lines": 0, "percent_statements_covered": 0.0, "percent_statements_covered_display": "0"}, "missing_lines": [155, 156, 158, 159, 162, 163, 164, 167, 168, 169, 170, 171, 172, 175, 176, 177, 178, 179, 182, 184, 185, 186, 189, 191, 199, 200, 201, 202, 204, 206], "excluded_lines": [], "start_line": 151}, "": {"executed_lines": [1, 2, 3, 4, 5, 6, 7, 9, 10, 11, 13, 14, 17, 18, 20, 21, 150, 151], "summary": {"covered_lines": 18, "num_statements": 18, "percent_covered": 100.0, "percent_covered_display": "100", "missing_lines": 0, "excluded_lines": 0, "percent_statements_covered": 100.0, "percent_statements_covered_display": "100"}, "missing_lines": [], "excluded_lines": [], "start_line": 1}}, "classes": {"": {"executed_lines": [1, 2, 3, 4, 5, 6, 7, 9, 10, 11, 13, 14, 17, 18, 20, 21, 150, 151], "summary": {"covered_lines": 18, "num_statements": 113, "percent_covered": 15.929203539823009, "percent_covered_display": "16", "missing_lines": 95, "excluded_lines": 0, "percent_statements_covered": 15.929203539823009, "percent_statements_covered_display": "16"}, "missing_lines": [26, 27, 30, 31, 35, 36, 37, 39, 40, 41, 42, 44, 45, 47, 49, 51, 52, 53, 54, 55, 56, 57, 60, 61, 64, 65, 66, 67, 68, 71, 73, 83, 88, 90, 93, 94, 95, 96, 98, 100, 101, 104, 108, 109, 110, 111, 113, 115, 116, 117, 118, 124, 125, 126, 128, 130, 131, 132, 134, 136, 137, 139, 141, 146, 148, 155, 156, 158, 159, 162, 163, 164, 167, 168, 169, 170, 171, 172, 175, 176, 177, 178, 179, 182, 184, 185, 186, 189, 191, 199, 200, 201, 202, 204, 206], "excluded_lines": [], "start_line": 1}}}, "config.py": {"executed_lines": [1, 2, 3, 4, 7, 18, 19, 20, 28, 29, 30, 31, 32, 33, 35, 37, 38, 39, 40, 43, 44, 45, 48, 49, 52, 53, 54, 57, 58, 59, 62, 65, 69, 73, 74, 77, 78, 79, 82, 88, 89, 90, 95, 98, 101, 102, 103, 106, 107, 110, 111, 112, 115, 117, 124, 125, 126, 130, 135, 137, 139, 142, 165, 166, 167, 168, 169, 170, 171, 172, 174, 175, 181], "summary": {"covered_lines": 73, "num_statements": 83, "percent_covered": 87.95180722891567, "percent_covered_display": "88", "missing_lines": 10, "excluded_lines": 0, "percent_statements_covered": 87.95180722891567, "percent_statements_covered_display": "88"}, "missing_lines": [21, 22, 23, 24, 25, 26, 176, 177, 178, 179], "excluded_lines": [], "functions": {"_parse_bool_env": {"executed_lines": [18, 19, 20], "summary": {"covered_lines": 3, "num_statements": 9, "percent_covered": 33.333333333333336, "percent_covered_display": "33", "missing_lines": 6, "excluded_lines": 0, "percent_statements_covered": 33.333333333333336, "percent_statements_covered_display": "33"}, "missing_lines": [21, 22, 23, 24, 25, 26], "excluded_lines": [], "start_line": 7}, "Settings.get_temperature": {"executed_lines": [124, 125, 126], "summary": {"covered_lines": 3, "num_statements": 3, "percent_covered": 100.0, "percent_covered_display": "100", "missing_lines": 0, "excluded_lines": 0, "percent_statements_covered": 100.0, "percent_statements_covered_display": "100"}, "missing_lines": [], "excluded_lines": [], "start_line": 117}, "Settings.__init__": {"executed_lines": [139], "summary": {"covered_lines": 1, "num_statements": 1, "percent_covered": 100.0, "percent_covered_display": "100", "missing_lines": 0, "excluded_lines": 0, "percent_statements_covered": 100.0, "percent_statements_covered_display": "100"}, "missing_lines": [], "excluded_lines": [], "start_line": 137}, "Settings.get_price_by_id": {"executed_lines": [], "summary": {"covered_lines": 0, "num_statements": 4, "percent_covered": 0.0, "percent_covered_display": "0", "missing_lines": 4, "excluded_lines": 0, "percent_statements_covered": 0.0, "percent_statements_covered_display": "0"}, "missing_lines": [176, 177, 178, 179], "excluded_lines": [], "start_line": 175}, "": {"executed_lines": [1, 2, 3, 4, 7, 28, 29, 30, 31, 32, 33, 35, 37, 38, 39, 40, 43, 44, 45, 48, 49, 52, 53, 54, 57, 58, 59, 62, 65, 69, 73, 74, 77, 78, 79, 82, 88, 89, 90, 95, 98, 101, 102, 103, 106, 107, 110, 111, 112, 115, 117, 130, 135, 137, 142, 165, 166, 167, 168, 169, 170, 171, 172, 174, 175, 181], "summary": {"covered_lines": 66, "num_statements": 66, "percent_covered": 100.0, "percent_covered_display": "100", "missing_lines": 0, "excluded_lines": 0, "percent_statements_covered": 100.0, "percent_statements_covered_display": "100"}, "missing_lines": [], "excluded_lines": [], "start_line": 1}}, "classes": {"PriceConfig": {"executed_lines": [], "summary": {"covered_lines": 0, "num_statements": 0, "percent_covered": 100.0, "percent_covered_display": "100", "missing_lines": 0, "excluded_lines": 0, "percent_statements_covered": 100.0, "percent_statements_covered_display": "100"}, "missing_lines": [], "excluded_lines": [], "start_line": 28}, "Settings": {"executed_lines": [124, 125, 126, 139], "summary": {"covered_lines": 4, "num_statements": 8, "percent_covered": 50.0, "percent_covered_display": "50", "missing_lines": 4, "excluded_lines": 0, "percent_statements_covered": 50.0, "percent_statements_covered_display": "50"}, "missing_lines": [176, 177, 178, 179], "excluded_lines": [], "start_line": 35}, "Settings.Progress": {"executed_lines": [], "summary": {"covered_lines": 0, "num_statements": 0, "percent_covered": 100.0, "percent_covered_display": "100", "missing_lines": 0, "excluded_lines": 0, "percent_statements_covered": 100.0, "percent_statements_covered_display": "100"}, "missing_lines": [], "excluded_lines": [], "start_line": 165}, "": {"executed_lines": [1, 2, 3, 4, 7, 18, 19, 20, 28, 29, 30, 31, 32, 33, 35, 37, 38, 39, 40, 43, 44, 45, 48, 49, 52, 53, 54, 57, 58, 59, 62, 65, 69, 73, 74, 77, 78, 79, 82, 88, 89, 90, 95, 98, 101, 102, 103, 106, 107, 110, 111, 112, 115, 117, 130, 135, 137, 142, 165, 166, 167, 168, 169, 170, 171, 172, 174, 175, 181], "summary": {"covered_lines": 69, "num_statements": 75, "percent_covered": 92.0, "percent_covered_display": "92", "missing_lines": 6, "excluded_lines": 0, "percent_statements_covered": 92.0, "percent_statements_covered_display": "92"}, "missing_lines": [21, 22, 23, 24, 25, 26], "excluded_lines": [], "start_line": 1}}}, "constants.py": {"executed_lines": [1, 3, 4, 5, 6, 7, 8, 9, 10, 12, 13, 14, 15, 16], "summary": {"covered_lines": 14, "num_statements": 14, "percent_covered": 100.0, "percent_covered_display": "100", "missing_lines": 0, "excluded_lines": 0, "percent_statements_covered": 100.0, "percent_statements_covered_display": "100"}, "missing_lines": [], "excluded_lines": [], "functions": {"": {"executed_lines": [1, 3, 4, 5, 6, 7, 8, 9, 10, 12, 13, 14, 15, 16], "summary": {"covered_lines": 14, "num_statements": 14, "percent_covered": 100.0, "percent_covered_display": "100", "missing_lines": 0, "excluded_lines": 0, "percent_statements_covered": 100.0, "percent_statements_covered_display": "100"}, "missing_lines": [], "excluded_lines": [], "start_line": 1}}, "classes": {"OutputKind": {"executed_lines": [], "summary": {"covered_lines": 0, "num_statements": 0, "percent_covered": 100.0, "percent_covered_display": "100", "missing_lines": 0, "excluded_lines": 0, "percent_statements_covered": 100.0, "percent_statements_covered_display": "100"}, "missing_lines": [], "excluded_lines": [], "start_line": 3}, "TaskStatus": {"executed_lines": [], "summary": {"covered_lines": 0, "num_statements": 0, "percent_covered": 100.0, "percent_covered_display": "100", "missing_lines": 0, "excluded_lines": 0, "percent_statements_covered": 100.0, "percent_statements_covered_display": "100"}, "missing_lines": [], "excluded_lines": [], "start_line": 12}, "": {"executed_lines": [1, 3, 4, 5, 6, 7, 8, 9, 10, 12, 13, 14, 15, 16], "summary": {"covered_lines": 14, "num_statements": 14, "percent_covered": 100.0, "percent_covered_display": "100", "missing_lines": 0, "excluded_lines": 0, "percent_statements_covered": 100.0, "percent_statements_covered_display": "100"}, "missing_lines": [], "excluded_lines": [], "start_line": 1}}}, "db_client.py": {"executed_lines": [1, 2, 3, 4, 5, 6, 7, 8, 11, 14, 15, 18, 19, 21, 22, 24, 25, 26, 28, 29, 30, 38, 39, 41, 42, 43, 46, 47, 52, 53, 55, 62, 84, 99, 115, 178, 211, 226, 232, 248, 260, 281, 309, 337, 352, 381, 397, 418, 456, 466, 487, 508, 519, 543, 582, 587, 598, 612, 640, 646, 677], "summary": {"covered_lines": 61, "num_statements": 336, "percent_covered": 18.154761904761905, "percent_covered_display": "18", "missing_lines": 275, "excluded_lines": 0, "percent_statements_covered": 18.154761904761905, "percent_statements_covered_display": "18"}, "missing_lines": [31, 32, 33, 48, 49, 50, 56, 57, 58, 59, 60, 66, 67, 69, 70, 71, 72, 75, 76, 77, 78, 79, 80, 82, 88, 93, 97, 103, 104, 109, 113, 126, 127, 129, 130, 131, 132, 133, 134, 135, 136, 137, 138, 139, 140, 141, 142, 143, 146, 156, 157, 158, 159, 160, 161, 162, 163, 164, 165, 167, 168, 170, 171, 173, 174, 175, 176, 187, 188, 190, 191, 192, 193, 194, 195, 196, 197, 198, 199, 200, 201, 203, 204, 206, 207, 208, 209, 214, 222, 223, 224, 228, 229, 230, 237, 238, 240, 246, 252, 257, 258, 267, 278, 279, 291, 292, 297, 307, 313, 315, 316, 319, 320, 321, 323, 325, 326, 327, 328, 331, 333, 341, 342, 344, 345, 346, 347, 348, 349, 350, 362, 365, 366, 368, 369, 377, 384, 385, 386, 387, 388, 389, 390, 391, 392, 393, 394, 395, 399, 400, 402, 404, 406, 411, 412, 413, 414, 415, 416, 422, 423, 424, 426, 427, 428, 431, 432, 435, 436, 437, 438, 439, 440, 443, 444, 447, 448, 449, 450, 451, 452, 454, 458, 461, 462, 463, 464, 468, 469, 474, 475, 484, 485, 489, 490, 495, 496, 505, 506, 510, 511, 512, 513, 514, 527, 532, 541, 553, 554, 556, 557, 558, 559, 560, 561, 562, 563, 564, 565, 566, 567, 568, 569, 570, 572, 573, 574, 576, 577, 578, 579, 580, 583, 584, 585, 590, 591, 592, 602, 607, 610, 620, 624, 626, 627, 628, 629, 630, 631, 632, 633, 636, 638, 642, 643, 644, 654, 655, 657, 658, 659, 660, 661, 662, 663, 664, 665, 667, 668, 670, 671, 674, 675, 679, 680], "excluded_lines": [], "functions": {"DBClient.__init__": {"executed_lines": [21, 22, 24, 25, 26, 28, 29, 30, 38, 39, 41, 42, 43, 46, 47, 52, 53], "summary": {"covered_lines": 17, "num_statements": 23, "percent_covered": 73.91304347826087, "percent_covered_display": "74", "missing_lines": 6, "excluded_lines": 0, "percent_statements_covered": 73.91304347826087, "percent_statements_covered_display": "74"}, "missing_lines": [31, 32, 33, 48, 49, 50], "excluded_lines": [], "start_line": 19}, "DBClient._normalize_kind": {"executed_lines": [], "summary": {"covered_lines": 0, "num_statements": 5, "percent_covered": 0.0, "percent_covered_display": "0", "missing_lines": 5, "excluded_lines": 0, "percent_statements_covered": 0.0, "percent_statements_covered_display": "0"}, "missing_lines": [56, 57, 58, 59, 60], "excluded_lines": [], "start_line": 55}, "DBClient._execute_query": {"executed_lines": [], "summary": {"covered_lines": 0, "num_statements": 13, "percent_covered": 0.0, "percent_covered_display": "0", "missing_lines": 13, "excluded_lines": 0, "percent_statements_covered": 0.0, "percent_statements_covered_display": "0"}, "missing_lines": [66, 67, 69, 70, 71, 72, 75, 76, 77, 78, 79, 80, 82], "excluded_lines": [], "start_line": 62}, "DBClient.create_task": {"executed_lines": [], "summary": {"covered_lines": 0, "num_statements": 3, "percent_covered": 0.0, "percent_covered_display": "0", "missing_lines": 3, "excluded_lines": 0, "percent_statements_covered": 0.0, "percent_statements_covered_display": "0"}, "missing_lines": [88, 93, 97], "excluded_lines": [], "start_line": 84}, "DBClient.create_task_output": {"executed_lines": [], "summary": {"covered_lines": 0, "num_statements": 4, "percent_covered": 0.0, "percent_covered_display": "0", "missing_lines": 4, "excluded_lines": 0, "percent_statements_covered": 0.0, "percent_statements_covered_display": "0"}, "missing_lines": [103, 104, 109, 113], "excluded_lines": [], "start_line": 99}, "DBClient.update_task_status": {"executed_lines": [], "summary": {"covered_lines": 0, "num_statements": 36, "percent_covered": 0.0, "percent_covered_display": "0", "missing_lines": 36, "excluded_lines": 0, "percent_statements_covered": 0.0, "percent_statements_covered_display": "0"}, "missing_lines": [126, 127, 129, 130, 131, 132, 133, 134, 135, 136, 137, 138, 139, 140, 141, 142, 143, 146, 156, 157, 158, 159, 160, 161, 162, 163, 164, 165, 167, 168, 170, 171, 173, 174, 175, 176], "excluded_lines": [], "start_line": 115}, "DBClient.update_output_status": {"executed_lines": [], "summary": {"covered_lines": 0, "num_statements": 20, "percent_covered": 0.0, "percent_covered_display": "0", "missing_lines": 20, "excluded_lines": 0, "percent_statements_covered": 0.0, "percent_statements_covered_display": "0"}, "missing_lines": [187, 188, 190, 191, 192, 193, 194, 195, 196, 197, 198, 199, 200, 201, 203, 204, 206, 207, 208, 209], "excluded_lines": [], "start_line": 178}, "DBClient.get_task": {"executed_lines": [], "summary": {"covered_lines": 0, "num_statements": 4, "percent_covered": 0.0, "percent_covered_display": "0", "missing_lines": 4, "excluded_lines": 0, "percent_statements_covered": 0.0, "percent_statements_covered_display": "0"}, "missing_lines": [214, 222, 223, 224], "excluded_lines": [], "start_line": 211}, "DBClient.get_output": {"executed_lines": [], "summary": {"covered_lines": 0, "num_statements": 3, "percent_covered": 0.0, "percent_covered_display": "0", "missing_lines": 3, "excluded_lines": 0, "percent_statements_covered": 0.0, "percent_statements_covered_display": "0"}, "missing_lines": [228, 229, 230], "excluded_lines": [], "start_line": 226}, "DBClient.get_task_outputs": {"executed_lines": [], "summary": {"covered_lines": 0, "num_statements": 4, "percent_covered": 0.0, "percent_covered_display": "0", "missing_lines": 4, "excluded_lines": 0, "percent_statements_covered": 0.0, "percent_statements_covered_display": "0"}, "missing_lines": [237, 238, 240, 246], "excluded_lines": [], "start_line": 232}, "DBClient.find_latest_completed_task_by_url": {"executed_lines": [], "summary": {"covered_lines": 0, "num_statements": 3, "percent_covered": 0.0, "percent_covered_display": "0", "missing_lines": 3, "excluded_lines": 0, "percent_statements_covered": 0.0, "percent_statements_covered_display": "0"}, "missing_lines": [252, 257, 258], "excluded_lines": [], "start_line": 248}, "DBClient.find_latest_task_with_valid_script": {"executed_lines": [], "summary": {"covered_lines": 0, "num_statements": 3, "percent_covered": 0.0, "percent_covered_display": "0", "missing_lines": 3, "excluded_lines": 0, "percent_statements_covered": 0.0, "percent_statements_covered_display": "0"}, "missing_lines": [267, 278, 279], "excluded_lines": [], "start_line": 260}, "DBClient.create_completed_task_output": {"executed_lines": [], "summary": {"covered_lines": 0, "num_statements": 4, "percent_covered": 0.0, "percent_covered_display": "0", "missing_lines": 4, "excluded_lines": 0, "percent_statements_covered": 0.0, "percent_statements_covered_display": "0"}, "missing_lines": [291, 292, 297, 307], "excluded_lines": [], "start_line": 281}, "DBClient.upsert_completed_task_output": {"executed_lines": [], "summary": {"covered_lines": 0, "num_statements": 13, "percent_covered": 0.0, "percent_covered_display": "0", "missing_lines": 13, "excluded_lines": 0, "percent_statements_covered": 0.0, "percent_statements_covered_display": "0"}, "missing_lines": [313, 315, 316, 319, 320, 321, 323, 325, 326, 327, 328, 331, 333], "excluded_lines": [], "start_line": 309}, "DBClient.ensure_task_outputs": {"executed_lines": [], "summary": {"covered_lines": 0, "num_statements": 9, "percent_covered": 0.0, "percent_covered_display": "0", "missing_lines": 9, "excluded_lines": 0, "percent_statements_covered": 0.0, "percent_statements_covered_display": "0"}, "missing_lines": [341, 342, 344, 345, 346, 347, 348, 349, 350], "excluded_lines": [], "start_line": 337}, "DBClient.update_task_output_by_kind": {"executed_lines": [], "summary": {"covered_lines": 0, "num_statements": 6, "percent_covered": 0.0, "percent_covered_display": "0", "missing_lines": 6, "excluded_lines": 0, "percent_statements_covered": 0.0, "percent_statements_covered_display": "0"}, "missing_lines": [362, 365, 366, 368, 369, 377], "excluded_lines": [], "start_line": 352}, "DBClient.validate_token": {"executed_lines": [], "summary": {"covered_lines": 0, "num_statements": 12, "percent_covered": 0.0, "percent_covered_display": "0", "missing_lines": 12, "excluded_lines": 0, "percent_statements_covered": 0.0, "percent_statements_covered_display": "0"}, "missing_lines": [384, 385, 386, 387, 388, 389, 390, 391, 392, 393, 394, 395], "excluded_lines": [], "start_line": 381}, "DBClient.get_profile": {"executed_lines": [], "summary": {"covered_lines": 0, "num_statements": 11, "percent_covered": 0.0, "percent_covered_display": "0", "missing_lines": 11, "excluded_lines": 0, "percent_statements_covered": 0.0, "percent_statements_covered_display": "0"}, "missing_lines": [399, 400, 402, 404, 406, 411, 412, 413, 414, 415, 416], "excluded_lines": [], "start_line": 397}, "DBClient.check_and_consume_quota": {"executed_lines": [], "summary": {"covered_lines": 0, "num_statements": 23, "percent_covered": 0.0, "percent_covered_display": "0", "missing_lines": 23, "excluded_lines": 0, "percent_statements_covered": 0.0, "percent_statements_covered_display": "0"}, "missing_lines": [422, 423, 424, 426, 427, 428, 431, 432, 435, 436, 437, 438, 439, 440, 443, 444, 447, 448, 449, 450, 451, 452, 454], "excluded_lines": [], "start_line": 418}, "DBClient.add_credits": {"executed_lines": [], "summary": {"covered_lines": 0, "num_statements": 5, "percent_covered": 0.0, "percent_covered_display": "0", "missing_lines": 5, "excluded_lines": 0, "percent_statements_covered": 0.0, "percent_statements_covered_display": "0"}, "missing_lines": [458, 461, 462, 463, 464], "excluded_lines": [], "start_line": 456}, "DBClient.update_subscription": {"executed_lines": [], "summary": {"covered_lines": 0, "num_statements": 6, "percent_covered": 0.0, "percent_covered_display": "0", "missing_lines": 6, "excluded_lines": 0, "percent_statements_covered": 0.0, "percent_statements_covered_display": "0"}, "missing_lines": [468, 469, 474, 475, 484, 485], "excluded_lines": [], "start_line": 466}, "DBClient.update_subscription_by_user": {"executed_lines": [], "summary": {"covered_lines": 0, "num_statements": 6, "percent_covered": 0.0, "percent_covered_display": "0", "missing_lines": 6, "excluded_lines": 0, "percent_statements_covered": 0.0, "percent_statements_covered_display": "0"}, "missing_lines": [489, 490, 495, 496, 505, 506], "excluded_lines": [], "start_line": 487}, "DBClient.link_creem_customer": {"executed_lines": [], "summary": {"covered_lines": 0, "num_statements": 5, "percent_covered": 0.0, "percent_covered_display": "0", "missing_lines": 5, "excluded_lines": 0, "percent_statements_covered": 0.0, "percent_statements_covered_display": "0"}, "missing_lines": [510, 511, 512, 513, 514], "excluded_lines": [], "start_line": 508}, "DBClient.create_payment_order": {"executed_lines": [], "summary": {"covered_lines": 0, "num_statements": 3, "percent_covered": 0.0, "percent_covered_display": "0", "missing_lines": 3, "excluded_lines": 0, "percent_statements_covered": 0.0, "percent_statements_covered_display": "0"}, "missing_lines": [527, 532, 541], "excluded_lines": [], "start_line": 519}, "DBClient.update_payment_order": {"executed_lines": [], "summary": {"covered_lines": 0, "num_statements": 25, "percent_covered": 0.0, "percent_covered_display": "0", "missing_lines": 25, "excluded_lines": 0, "percent_statements_covered": 0.0, "percent_statements_covered_display": "0"}, "missing_lines": [553, 554, 556, 557, 558, 559, 560, 561, 562, 563, 564, 565, 566, 567, 568, 569, 570, 572, 573, 574, 576, 577, 578, 579, 580], "excluded_lines": [], "start_line": 543}, "DBClient.get_payment_order": {"executed_lines": [], "summary": {"covered_lines": 0, "num_statements": 3, "percent_covered": 0.0, "percent_covered_display": "0", "missing_lines": 3, "excluded_lines": 0, "percent_statements_covered": 0.0, "percent_statements_covered_display": "0"}, "missing_lines": [583, 584, 585], "excluded_lines": [], "start_line": 582}, "DBClient.get_payment_order_by_provider_id": {"executed_lines": [], "summary": {"covered_lines": 0, "num_statements": 3, "percent_covered": 0.0, "percent_covered_display": "0", "missing_lines": 3, "excluded_lines": 0, "percent_statements_covered": 0.0, "percent_statements_covered_display": "0"}, "missing_lines": [590, 591, 592], "excluded_lines": [], "start_line": 587}, "DBClient.create_chat_thread": {"executed_lines": [], "summary": {"covered_lines": 0, "num_statements": 3, "percent_covered": 0.0, "percent_covered_display": "0", "missing_lines": 3, "excluded_lines": 0, "percent_statements_covered": 0.0, "percent_statements_covered_display": "0"}, "missing_lines": [602, 607, 610], "excluded_lines": [], "start_line": 598}, "DBClient.list_chat_threads": {"executed_lines": [], "summary": {"covered_lines": 0, "num_statements": 12, "percent_covered": 0.0, "percent_covered_display": "0", "missing_lines": 12, "excluded_lines": 0, "percent_statements_covered": 0.0, "percent_statements_covered_display": "0"}, "missing_lines": [620, 624, 626, 627, 628, 629, 630, 631, 632, 633, 636, 638], "excluded_lines": [], "start_line": 612}, "DBClient.get_chat_thread": {"executed_lines": [], "summary": {"covered_lines": 0, "num_statements": 3, "percent_covered": 0.0, "percent_covered_display": "0", "missing_lines": 3, "excluded_lines": 0, "percent_statements_covered": 0.0, "percent_statements_covered_display": "0"}, "missing_lines": [642, 643, 644], "excluded_lines": [], "start_line": 640}, "DBClient.update_chat_thread": {"executed_lines": [], "summary": {"covered_lines": 0, "num_statements": 17, "percent_covered": 0.0, "percent_covered_display": "0", "missing_lines": 17, "excluded_lines": 0, "percent_statements_covered": 0.0, "percent_statements_covered_display": "0"}, "missing_lines": [654, 655, 657, 658, 659, 660, 661, 662, 663, 664, 665, 667, 668, 670, 671, 674, 675], "excluded_lines": [], "start_line": 646}, "DBClient.soft_delete_chat_thread": {"executed_lines": [], "summary": {"covered_lines": 0, "num_statements": 2, "percent_covered": 0.0, "percent_covered_display": "0", "missing_lines": 2, "excluded_lines": 0, "percent_statements_covered": 0.0, "percent_statements_covered_display": "0"}, "missing_lines": [679, 680], "excluded_lines": [], "start_line": 677}, "": {"executed_lines": [1, 2, 3, 4, 5, 6, 7, 8, 11, 14, 15, 18, 19, 55, 62, 84, 99, 115, 178, 211, 226, 232, 248, 260, 281, 309, 337, 352, 381, 397, 418, 456, 466, 487, 508, 519, 543, 582, 587, 598, 612, 640, 646, 677], "summary": {"covered_lines": 44, "num_statements": 44, "percent_covered": 100.0, "percent_covered_display": "100", "missing_lines": 0, "excluded_lines": 0, "percent_statements_covered": 100.0, "percent_statements_covered_display": "100"}, "missing_lines": [], "excluded_lines": [], "start_line": 1}}, "classes": {"DBClient": {"executed_lines": [21, 22, 24, 25, 26, 28, 29, 30, 38, 39, 41, 42, 43, 46, 47, 52, 53], "summary": {"covered_lines": 17, "num_statements": 292, "percent_covered": 5.821917808219178, "percent_covered_display": "6", "missing_lines": 275, "excluded_lines": 0, "percent_statements_covered": 5.821917808219178, "percent_statements_covered_display": "6"}, "missing_lines": [31, 32, 33, 48, 49, 50, 56, 57, 58, 59, 60, 66, 67, 69, 70, 71, 72, 75, 76, 77, 78, 79, 80, 82, 88, 93, 97, 103, 104, 109, 113, 126, 127, 129, 130, 131, 132, 133, 134, 135, 136, 137, 138, 139, 140, 141, 142, 143, 146, 156, 157, 158, 159, 160, 161, 162, 163, 164, 165, 167, 168, 170, 171, 173, 174, 175, 176, 187, 188, 190, 191, 192, 193, 194, 195, 196, 197, 198, 199, 200, 201, 203, 204, 206, 207, 208, 209, 214, 222, 223, 224, 228, 229, 230, 237, 238, 240, 246, 252, 257, 258, 267, 278, 279, 291, 292, 297, 307, 313, 315, 316, 319, 320, 321, 323, 325, 326, 327, 328, 331, 333, 341, 342, 344, 345, 346, 347, 348, 349, 350, 362, 365, 366, 368, 369, 377, 384, 385, 386, 387, 388, 389, 390, 391, 392, 393, 394, 395, 399, 400, 402, 404, 406, 411, 412, 413, 414, 415, 416, 422, 423, 424, 426, 427, 428, 431, 432, 435, 436, 437, 438, 439, 440, 443, 444, 447, 448, 449, 450, 451, 452, 454, 458, 461, 462, 463, 464, 468, 469, 474, 475, 484, 485, 489, 490, 495, 496, 505, 506, 510, 511, 512, 513, 514, 527, 532, 541, 553, 554, 556, 557, 558, 559, 560, 561, 562, 563, 564, 565, 566, 567, 568, 569, 570, 572, 573, 574, 576, 577, 578, 579, 580, 583, 584, 585, 590, 591, 592, 602, 607, 610, 620, 624, 626, 627, 628, 629, 630, 631, 632, 633, 636, 638, 642, 643, 644, 654, 655, 657, 658, 659, 660, 661, 662, 663, 664, 665, 667, 668, 670, 671, 674, 675, 679, 680], "excluded_lines": [], "start_line": 18}, "": {"executed_lines": [1, 2, 3, 4, 5, 6, 7, 8, 11, 14, 15, 18, 19, 55, 62, 84, 99, 115, 178, 211, 226, 232, 248, 260, 281, 309, 337, 352, 381, 397, 418, 456, 466, 487, 508, 519, 543, 582, 587, 598, 612, 640, 646, 677], "summary": {"covered_lines": 44, "num_statements": 44, "percent_covered": 100.0, "percent_covered_display": "100", "missing_lines": 0, "excluded_lines": 0, "percent_statements_covered": 100.0, "percent_statements_covered_display": "100"}, "missing_lines": [], "excluded_lines": [], "start_line": 1}}}, "dependencies.py": {"executed_lines": [1, 2, 3, 4, 6, 7, 8, 9, 10, 11, 12, 13, 18, 19, 22, 23, 26, 27, 30, 31, 34, 35, 38, 39, 42, 43, 46, 47, 50], "summary": {"covered_lines": 29, "num_statements": 45, "percent_covered": 64.44444444444444, "percent_covered_display": "64", "missing_lines": 16, "excluded_lines": 0, "percent_statements_covered": 64.44444444444444, "percent_statements_covered_display": "64"}, "missing_lines": [20, 24, 28, 32, 36, 40, 44, 48, 55, 56, 58, 60, 62, 63, 64, 65], "excluded_lines": [], "functions": {"get_db_client": {"executed_lines": [], "summary": {"covered_lines": 0, "num_statements": 1, "percent_covered": 0.0, "percent_covered_display": "0", "missing_lines": 1, "excluded_lines": 0, "percent_statements_covered": 0.0, "percent_statements_covered_display": "0"}, "missing_lines": [20], "excluded_lines": [], "start_line": 19}, "get_video_processor": {"executed_lines": [], "summary": {"covered_lines": 0, "num_statements": 1, "percent_covered": 0.0, "percent_covered_display": "0", "missing_lines": 1, "excluded_lines": 0, "percent_statements_covered": 0.0, "percent_statements_covered_display": "0"}, "missing_lines": [24], "excluded_lines": [], "start_line": 23}, "get_transcriber": {"executed_lines": [], "summary": {"covered_lines": 0, "num_statements": 1, "percent_covered": 0.0, "percent_covered_display": "0", "missing_lines": 1, "excluded_lines": 0, "percent_statements_covered": 0.0, "percent_statements_covered_display": "0"}, "missing_lines": [28], "excluded_lines": [], "start_line": 27}, "get_summarizer": {"executed_lines": [], "summary": {"covered_lines": 0, "num_statements": 1, "percent_covered": 0.0, "percent_covered_display": "0", "missing_lines": 1, "excluded_lines": 0, "percent_statements_covered": 0.0, "percent_statements_covered_display": "0"}, "missing_lines": [32], "excluded_lines": [], "start_line": 31}, "get_translator": {"executed_lines": [], "summary": {"covered_lines": 0, "num_statements": 1, "percent_covered": 0.0, "percent_covered_display": "0", "missing_lines": 1, "excluded_lines": 0, "percent_statements_covered": 0.0, "percent_statements_covered_display": "0"}, "missing_lines": [36], "excluded_lines": [], "start_line": 35}, "get_notifier": {"executed_lines": [], "summary": {"covered_lines": 0, "num_statements": 1, "percent_covered": 0.0, "percent_covered_display": "0", "missing_lines": 1, "excluded_lines": 0, "percent_statements_covered": 0.0, "percent_statements_covered_display": "0"}, "missing_lines": [40], "excluded_lines": [], "start_line": 39}, "get_supadata_client": {"executed_lines": [], "summary": {"covered_lines": 0, "num_statements": 1, "percent_covered": 0.0, "percent_covered_display": "0", "missing_lines": 1, "excluded_lines": 0, "percent_statements_covered": 0.0, "percent_statements_covered_display": "0"}, "missing_lines": [44], "excluded_lines": [], "start_line": 43}, "get_coinbase_client": {"executed_lines": [], "summary": {"covered_lines": 0, "num_statements": 1, "percent_covered": 0.0, "percent_covered_display": "0", "missing_lines": 1, "excluded_lines": 0, "percent_statements_covered": 0.0, "percent_statements_covered_display": "0"}, "missing_lines": [48], "excluded_lines": [], "start_line": 47}, "get_current_user": {"executed_lines": [], "summary": {"covered_lines": 0, "num_statements": 8, "percent_covered": 0.0, "percent_covered_display": "0", "missing_lines": 8, "excluded_lines": 0, "percent_statements_covered": 0.0, "percent_statements_covered_display": "0"}, "missing_lines": [55, 56, 58, 60, 62, 63, 64, 65], "excluded_lines": [], "start_line": 50}, "": {"executed_lines": [1, 2, 3, 4, 6, 7, 8, 9, 10, 11, 12, 13, 18, 19, 22, 23, 26, 27, 30, 31, 34, 35, 38, 39, 42, 43, 46, 47, 50], "summary": {"covered_lines": 29, "num_statements": 29, "percent_covered": 100.0, "percent_covered_display": "100", "missing_lines": 0, "excluded_lines": 0, "percent_statements_covered": 100.0, "percent_statements_covered_display": "100"}, "missing_lines": [], "excluded_lines": [], "start_line": 1}}, "classes": {"": {"executed_lines": [1, 2, 3, 4, 6, 7, 8, 9, 10, 11, 12, 13, 18, 19, 22, 23, 26, 27, 30, 31, 34, 35, 38, 39, 42, 43, 46, 47, 50], "summary": {"covered_lines": 29, "num_statements": 45, "percent_covered": 64.44444444444444, "percent_covered_display": "64", "missing_lines": 16, "excluded_lines": 0, "percent_statements_covered": 64.44444444444444, "percent_statements_covered_display": "64"}, "missing_lines": [20, 24, 28, 32, 36, 40, 44, 48, 55, 56, 58, 60, 62, 63, 64, 65], "excluded_lines": [], "start_line": 1}}}, "main.py": {"executed_lines": [1, 2, 3, 5, 6, 7, 9, 10, 14, 15, 16, 19, 20, 21, 22, 25, 26, 27, 29, 37, 39, 40, 63, 65, 66, 70, 79, 80, 81, 84, 85, 86, 87, 89], "summary": {"covered_lines": 34, "num_statements": 51, "percent_covered": 66.66666666666667, "percent_covered_display": "67", "missing_lines": 17, "excluded_lines": 0, "percent_statements_covered": 66.66666666666667, "percent_statements_covered_display": "67"}, "missing_lines": [30, 31, 41, 42, 43, 46, 49, 50, 52, 53, 55, 56, 57, 58, 59, 90, 91], "excluded_lines": [], "functions": {"startup_event": {"executed_lines": [], "summary": {"covered_lines": 0, "num_statements": 13, "percent_covered": 0.0, "percent_covered_display": "0", "missing_lines": 13, "excluded_lines": 0, "percent_statements_covered": 0.0, "percent_statements_covered_display": "0"}, "missing_lines": [41, 42, 43, 46, 49, 50, 52, 53, 55, 56, 57, 58, 59], "excluded_lines": [], "start_line": 40}, "": {"executed_lines": [1, 2, 3, 5, 6, 7, 9, 10, 14, 15, 16, 19, 20, 21, 22, 25, 26, 27, 29, 37, 39, 40, 63, 65, 66, 70, 79, 80, 81, 84, 85, 86, 87, 89], "summary": {"covered_lines": 34, "num_statements": 38, "percent_covered": 89.47368421052632, "percent_covered_display": "89", "missing_lines": 4, "excluded_lines": 0, "percent_statements_covered": 89.47368421052632, "percent_statements_covered_display": "89"}, "missing_lines": [30, 31, 90, 91], "excluded_lines": [], "start_line": 1}}, "classes": {"": {"executed_lines": [1, 2, 3, 5, 6, 7, 9, 10, 14, 15, 16, 19, 20, 21, 22, 25, 26, 27, 29, 37, 39, 40, 63, 65, 66, 70, 79, 80, 81, 84, 85, 86, 87, 89], "summary": {"covered_lines": 34, "num_statements": 51, "percent_covered": 66.66666666666667, "percent_covered_display": "67", "missing_lines": 17, "excluded_lines": 0, "percent_statements_covered": 66.66666666666667, "percent_statements_covered_display": "67"}, "missing_lines": [30, 31, 41, 42, 43, 46, 49, 50, 52, 53, 55, 56, 57, 58, 59, 90, 91], "excluded_lines": [], "start_line": 1}}}, "prompts.py": {"executed_lines": [3, 5, 23, 25, 41, 54, 62, 71, 77, 90, 120, 125, 149, 153, 175, 181, 203, 210, 232, 238, 247, 252, 282, 323, 333, 340, 347, 355, 363, 371, 378, 385, 396, 404, 412, 420, 428, 440, 446, 452, 458, 464, 470, 477, 483, 490, 501, 509, 521, 576, 590, 625], "summary": {"covered_lines": 52, "num_statements": 52, "percent_covered": 100.0, "percent_covered_display": "100", "missing_lines": 0, "excluded_lines": 0, "percent_statements_covered": 100.0, "percent_statements_covered_display": "100"}, "missing_lines": [], "excluded_lines": [], "functions": {"": {"executed_lines": [3, 5, 23, 25, 41, 54, 62, 71, 77, 90, 120, 125, 149, 153, 175, 181, 203, 210, 232, 238, 247, 252, 282, 323, 333, 340, 347, 355, 363, 371, 378, 385, 396, 404, 412, 420, 428, 440, 446, 452, 458, 464, 470, 477, 483, 490, 501, 509, 521, 576, 590, 625], "summary": {"covered_lines": 52, "num_statements": 52, "percent_covered": 100.0, "percent_covered_display": "100", "missing_lines": 0, "excluded_lines": 0, "percent_statements_covered": 100.0, "percent_statements_covered_display": "100"}, "missing_lines": [], "excluded_lines": [], "start_line": 1}}, "classes": {"": {"executed_lines": [3, 5, 23, 25, 41, 54, 62, 71, 77, 90, 120, 125, 149, 153, 175, 181, 203, 210, 232, 238, 247, 252, 282, 323, 333, 340, 347, 355, 363, 371, 378, 385, 396, 404, 412, 420, 428, 440, 446, 452, 458, 464, 470, 477, 483, 490, 501, 509, 521, 576, 590, 625], "summary": {"covered_lines": 52, "num_statements": 52, "percent_covered": 100.0, "percent_covered_display": "100", "missing_lines": 0, "excluded_lines": 0, "percent_statements_covered": 100.0, "percent_statements_covered_display": "100"}, "missing_lines": [], "excluded_lines": [], "start_line": 1}}}, "schemas/__init__.py": {"executed_lines": [13, 16, 21, 28, 31, 41, 49], "summary": {"covered_lines": 7, "num_statements": 7, "percent_covered": 100.0, "percent_covered_display": "100", "missing_lines": 0, "excluded_lines": 0, "percent_statements_covered": 100.0, "percent_statements_covered_display": "100"}, "missing_lines": [], "excluded_lines": [], "functions": {"": {"executed_lines": [13, 16, 21, 28, 31, 41, 49], "summary": {"covered_lines": 7, "num_statements": 7, "percent_covered": 100.0, "percent_covered_display": "100", "missing_lines": 0, "excluded_lines": 0, "percent_statements_covered": 100.0, "percent_statements_covered_display": "100"}, "missing_lines": [], "excluded_lines": [], "start_line": 1}}, "classes": {"": {"executed_lines": [13, 16, 21, 28, 31, 41, 49], "summary": {"covered_lines": 7, "num_statements": 7, "percent_covered": 100.0, "percent_covered_display": "100", "missing_lines": 0, "excluded_lines": 0, "percent_statements_covered": 100.0, "percent_statements_covered_display": "100"}, "missing_lines": [], "excluded_lines": [], "start_line": 1}}}, "schemas/api.py": {"executed_lines": [10, 11, 12, 14, 17, 20, 21, 24, 27, 28, 29, 30, 31, 32, 38, 39, 40, 43, 44, 46, 47, 52, 55, 56, 57, 58, 59, 60, 61, 62, 65, 68, 69, 70, 71, 72, 73, 74, 75, 76, 77, 79, 80, 85, 88, 89, 95, 98, 99, 102, 105, 106, 109, 112, 116, 117], "summary": {"covered_lines": 56, "num_statements": 56, "percent_covered": 100.0, "percent_covered_display": "100", "missing_lines": 0, "excluded_lines": 0, "percent_statements_covered": 100.0, "percent_statements_covered_display": "100"}, "missing_lines": [], "excluded_lines": [], "functions": {"": {"executed_lines": [10, 11, 12, 14, 17, 20, 21, 24, 27, 28, 29, 30, 31, 32, 38, 39, 40, 43, 44, 46, 47, 52, 55, 56, 57, 58, 59, 60, 61, 62, 65, 68, 69, 70, 71, 72, 73, 74, 75, 76, 77, 79, 80, 85, 88, 89, 95, 98, 99, 102, 105, 106, 109, 112, 116, 117], "summary": {"covered_lines": 56, "num_statements": 56, "percent_covered": 100.0, "percent_covered_display": "100", "missing_lines": 0, "excluded_lines": 0, "percent_statements_covered": 100.0, "percent_statements_covered_display": "100"}, "missing_lines": [], "excluded_lines": [], "start_line": 1}}, "classes": {"TaskCreateResponse": {"executed_lines": [], "summary": {"covered_lines": 0, "num_statements": 0, "percent_covered": 100.0, "percent_covered_display": "100", "missing_lines": 0, "excluded_lines": 0, "percent_statements_covered": 100.0, "percent_statements_covered_display": "100"}, "missing_lines": [], "excluded_lines": [], "start_line": 17}, "TaskStatusResponse": {"executed_lines": [], "summary": {"covered_lines": 0, "num_statements": 0, "percent_covered": 100.0, "percent_covered_display": "100", "missing_lines": 0, "excluded_lines": 0, "percent_statements_covered": 100.0, "percent_statements_covered_display": "100"}, "missing_lines": [], "excluded_lines": [], "start_line": 24}, "TaskStatusResponse.Config": {"executed_lines": [], "summary": {"covered_lines": 0, "num_statements": 0, "percent_covered": 100.0, "percent_covered_display": "100", "missing_lines": 0, "excluded_lines": 0, "percent_statements_covered": 100.0, "percent_statements_covered_display": "100"}, "missing_lines": [], "excluded_lines": [], "start_line": 46}, "VideoPreviewResponse": {"executed_lines": [], "summary": {"covered_lines": 0, "num_statements": 0, "percent_covered": 100.0, "percent_covered_display": "100", "missing_lines": 0, "excluded_lines": 0, "percent_statements_covered": 100.0, "percent_statements_covered_display": "100"}, "missing_lines": [], "excluded_lines": [], "start_line": 52}, "TaskOutputResponse": {"executed_lines": [], "summary": {"covered_lines": 0, "num_statements": 0, "percent_covered": 100.0, "percent_covered_display": "100", "missing_lines": 0, "excluded_lines": 0, "percent_statements_covered": 100.0, "percent_statements_covered_display": "100"}, "missing_lines": [], "excluded_lines": [], "start_line": 65}, "TaskOutputResponse.Config": {"executed_lines": [], "summary": {"covered_lines": 0, "num_statements": 0, "percent_covered": 100.0, "percent_covered_display": "100", "missing_lines": 0, "excluded_lines": 0, "percent_statements_covered": 100.0, "percent_statements_covered_display": "100"}, "missing_lines": [], "excluded_lines": [], "start_line": 79}, "TaskWithOutputsResponse": {"executed_lines": [], "summary": {"covered_lines": 0, "num_statements": 0, "percent_covered": 100.0, "percent_covered_display": "100", "missing_lines": 0, "excluded_lines": 0, "percent_statements_covered": 100.0, "percent_statements_covered_display": "100"}, "missing_lines": [], "excluded_lines": [], "start_line": 85}, "RetryOutputResponse": {"executed_lines": [], "summary": {"covered_lines": 0, "num_statements": 0, "percent_covered": 100.0, "percent_covered_display": "100", "missing_lines": 0, "excluded_lines": 0, "percent_statements_covered": 100.0, "percent_statements_covered_display": "100"}, "missing_lines": [], "excluded_lines": [], "start_line": 95}, "ErrorResponse": {"executed_lines": [], "summary": {"covered_lines": 0, "num_statements": 0, "percent_covered": 100.0, "percent_covered_display": "100", "missing_lines": 0, "excluded_lines": 0, "percent_statements_covered": 100.0, "percent_statements_covered_display": "100"}, "missing_lines": [], "excluded_lines": [], "start_line": 102}, "QuotaExceededResponse": {"executed_lines": [], "summary": {"covered_lines": 0, "num_statements": 0, "percent_covered": 100.0, "percent_covered_display": "100", "missing_lines": 0, "excluded_lines": 0, "percent_statements_covered": 100.0, "percent_statements_covered_display": "100"}, "missing_lines": [], "excluded_lines": [], "start_line": 109}, "": {"executed_lines": [10, 11, 12, 14, 17, 20, 21, 24, 27, 28, 29, 30, 31, 32, 38, 39, 40, 43, 44, 46, 47, 52, 55, 56, 57, 58, 59, 60, 61, 62, 65, 68, 69, 70, 71, 72, 73, 74, 75, 76, 77, 79, 80, 85, 88, 89, 95, 98, 99, 102, 105, 106, 109, 112, 116, 117], "summary": {"covered_lines": 56, "num_statements": 56, "percent_covered": 100.0, "percent_covered_display": "100", "missing_lines": 0, "excluded_lines": 0, "percent_statements_covered": 100.0, "percent_statements_covered_display": "100"}, "missing_lines": [], "excluded_lines": [], "start_line": 1}}}, "schemas/events.py": {"executed_lines": [9, 10, 11, 13, 16, 19, 20, 21, 22, 28, 32, 36, 41, 42, 47, 50, 51, 52, 53, 54, 55, 59, 63, 68, 69, 74, 77, 78, 79, 80, 84, 88, 92, 97, 98, 103, 106, 107, 108, 109, 110, 114, 118, 123, 124, 129, 132, 133, 138, 139, 145], "summary": {"covered_lines": 51, "num_statements": 51, "percent_covered": 100.0, "percent_covered_display": "100", "missing_lines": 0, "excluded_lines": 0, "percent_statements_covered": 100.0, "percent_statements_covered_display": "100"}, "missing_lines": [], "excluded_lines": [], "functions": {"": {"executed_lines": [9, 10, 11, 13, 16, 19, 20, 21, 22, 28, 32, 36, 41, 42, 47, 50, 51, 52, 53, 54, 55, 59, 63, 68, 69, 74, 77, 78, 79, 80, 84, 88, 92, 97, 98, 103, 106, 107, 108, 109, 110, 114, 118, 123, 124, 129, 132, 133, 138, 139, 145], "summary": {"covered_lines": 51, "num_statements": 51, "percent_covered": 100.0, "percent_covered_display": "100", "missing_lines": 0, "excluded_lines": 0, "percent_statements_covered": 100.0, "percent_statements_covered_display": "100"}, "missing_lines": [], "excluded_lines": [], "start_line": 1}}, "classes": {"TaskProgressEvent": {"executed_lines": [], "summary": {"covered_lines": 0, "num_statements": 0, "percent_covered": 100.0, "percent_covered_display": "100", "missing_lines": 0, "excluded_lines": 0, "percent_statements_covered": 100.0, "percent_statements_covered_display": "100"}, "missing_lines": [], "excluded_lines": [], "start_line": 16}, "TaskProgressEvent.Config": {"executed_lines": [], "summary": {"covered_lines": 0, "num_statements": 0, "percent_covered": 100.0, "percent_covered_display": "100", "missing_lines": 0, "excluded_lines": 0, "percent_statements_covered": 100.0, "percent_statements_covered_display": "100"}, "missing_lines": [], "excluded_lines": [], "start_line": 41}, "TaskOutputEvent": {"executed_lines": [], "summary": {"covered_lines": 0, "num_statements": 0, "percent_covered": 100.0, "percent_covered_display": "100", "missing_lines": 0, "excluded_lines": 0, "percent_statements_covered": 100.0, "percent_statements_covered_display": "100"}, "missing_lines": [], "excluded_lines": [], "start_line": 47}, "TaskOutputEvent.Config": {"executed_lines": [], "summary": {"covered_lines": 0, "num_statements": 0, "percent_covered": 100.0, "percent_covered_display": "100", "missing_lines": 0, "excluded_lines": 0, "percent_statements_covered": 100.0, "percent_statements_covered_display": "100"}, "missing_lines": [], "excluded_lines": [], "start_line": 68}, "TaskCompleteEvent": {"executed_lines": [], "summary": {"covered_lines": 0, "num_statements": 0, "percent_covered": 100.0, "percent_covered_display": "100", "missing_lines": 0, "excluded_lines": 0, "percent_statements_covered": 100.0, "percent_statements_covered_display": "100"}, "missing_lines": [], "excluded_lines": [], "start_line": 74}, "TaskCompleteEvent.Config": {"executed_lines": [], "summary": {"covered_lines": 0, "num_statements": 0, "percent_covered": 100.0, "percent_covered_display": "100", "missing_lines": 0, "excluded_lines": 0, "percent_statements_covered": 100.0, "percent_statements_covered_display": "100"}, "missing_lines": [], "excluded_lines": [], "start_line": 97}, "TaskErrorEvent": {"executed_lines": [], "summary": {"covered_lines": 0, "num_statements": 0, "percent_covered": 100.0, "percent_covered_display": "100", "missing_lines": 0, "excluded_lines": 0, "percent_statements_covered": 100.0, "percent_statements_covered_display": "100"}, "missing_lines": [], "excluded_lines": [], "start_line": 103}, "TaskErrorEvent.Config": {"executed_lines": [], "summary": {"covered_lines": 0, "num_statements": 0, "percent_covered": 100.0, "percent_covered_display": "100", "missing_lines": 0, "excluded_lines": 0, "percent_statements_covered": 100.0, "percent_statements_covered_display": "100"}, "missing_lines": [], "excluded_lines": [], "start_line": 123}, "HeartbeatEvent": {"executed_lines": [], "summary": {"covered_lines": 0, "num_statements": 0, "percent_covered": 100.0, "percent_covered_display": "100", "missing_lines": 0, "excluded_lines": 0, "percent_statements_covered": 100.0, "percent_statements_covered_display": "100"}, "missing_lines": [], "excluded_lines": [], "start_line": 129}, "HeartbeatEvent.Config": {"executed_lines": [], "summary": {"covered_lines": 0, "num_statements": 0, "percent_covered": 100.0, "percent_covered_display": "100", "missing_lines": 0, "excluded_lines": 0, "percent_statements_covered": 100.0, "percent_statements_covered_display": "100"}, "missing_lines": [], "excluded_lines": [], "start_line": 138}, "": {"executed_lines": [9, 10, 11, 13, 16, 19, 20, 21, 22, 28, 32, 36, 41, 42, 47, 50, 51, 52, 53, 54, 55, 59, 63, 68, 69, 74, 77, 78, 79, 80, 84, 88, 92, 97, 98, 103, 106, 107, 108, 109, 110, 114, 118, 123, 124, 129, 132, 133, 138, 139, 145], "summary": {"covered_lines": 51, "num_statements": 51, "percent_covered": 100.0, "percent_covered_display": "100", "missing_lines": 0, "excluded_lines": 0, "percent_statements_covered": 100.0, "percent_statements_covered_display": "100"}, "missing_lines": [], "excluded_lines": [], "start_line": 1}}}, "services/__init__.py": {"executed_lines": [], "summary": {"covered_lines": 0, "num_statements": 0, "percent_covered": 100.0, "percent_covered_display": "100", "missing_lines": 0, "excluded_lines": 0, "percent_statements_covered": 100.0, "percent_statements_covered_display": "100"}, "missing_lines": [], "excluded_lines": [], "functions": {"": {"executed_lines": [], "summary": {"covered_lines": 0, "num_statements": 0, "percent_covered": 100.0, "percent_covered_display": "100", "missing_lines": 0, "excluded_lines": 0, "percent_statements_covered": 100.0, "percent_statements_covered_display": "100"}, "missing_lines": [], "excluded_lines": [], "start_line": 1}}, "classes": {"": {"executed_lines": [], "summary": {"covered_lines": 0, "num_statements": 0, "percent_covered": 100.0, "percent_covered_display": "100", "missing_lines": 0, "excluded_lines": 0, "percent_statements_covered": 100.0, "percent_statements_covered_display": "100"}, "missing_lines": [], "excluded_lines": [], "start_line": 1}}}, "services/background_tasks.py": {"executed_lines": [1, 2, 3, 4, 5, 7, 8, 9, 10, 11, 12, 14, 17, 18, 28, 29, 31, 83], "summary": {"covered_lines": 18, "num_statements": 117, "percent_covered": 15.384615384615385, "percent_covered_display": "15", "missing_lines": 99, "excluded_lines": 0, "percent_statements_covered": 15.384615384615385, "percent_statements_covered_display": "15"}, "missing_lines": [19, 20, 21, 23, 24, 25, 37, 39, 40, 44, 45, 55, 56, 59, 63, 65, 76, 78, 79, 80, 88, 89, 91, 92, 93, 94, 95, 96, 99, 101, 102, 103, 104, 105, 108, 110, 111, 112, 116, 118, 119, 124, 125, 126, 127, 128, 129, 132, 133, 136, 137, 138, 141, 144, 145, 148, 150, 152, 153, 154, 155, 157, 158, 159, 160, 161, 165, 166, 167, 168, 169, 170, 171, 172, 173, 175, 185, 188, 189, 190, 194, 195, 196, 200, 201, 210, 211, 218, 221, 222, 223, 227, 229, 236, 237, 238, 240, 244, 245], "excluded_lines": [], "functions": {"run_pipeline": {"executed_lines": [], "summary": {"covered_lines": 0, "num_statements": 14, "percent_covered": 0.0, "percent_covered_display": "0", "missing_lines": 14, "excluded_lines": 0, "percent_statements_covered": 0.0, "percent_statements_covered_display": "0"}, "missing_lines": [37, 39, 40, 44, 45, 55, 56, 59, 63, 65, 76, 78, 79, 80], "excluded_lines": [], "start_line": 31}, "handle_retry_output": {"executed_lines": [], "summary": {"covered_lines": 0, "num_statements": 79, "percent_covered": 0.0, "percent_covered_display": "0", "missing_lines": 79, "excluded_lines": 0, "percent_statements_covered": 0.0, "percent_statements_covered_display": "0"}, "missing_lines": [88, 89, 91, 92, 93, 94, 95, 96, 99, 101, 102, 103, 104, 105, 108, 110, 111, 112, 116, 118, 119, 124, 125, 126, 127, 128, 129, 132, 133, 136, 137, 138, 141, 144, 145, 148, 150, 152, 153, 154, 155, 157, 158, 159, 160, 161, 165, 166, 167, 168, 169, 170, 171, 172, 173, 175, 185, 188, 189, 190, 194, 195, 196, 200, 201, 210, 211, 218, 221, 222, 223, 227, 229, 236, 237, 238, 240, 244, 245], "excluded_lines": [], "start_line": 83}, "": {"executed_lines": [1, 2, 3, 4, 5, 7, 8, 9, 10, 11, 12, 14, 17, 18, 28, 29, 31, 83], "summary": {"covered_lines": 18, "num_statements": 24, "percent_covered": 75.0, "percent_covered_display": "75", "missing_lines": 6, "excluded_lines": 0, "percent_statements_covered": 75.0, "percent_statements_covered_display": "75"}, "missing_lines": [19, 20, 21, 23, 24, 25], "excluded_lines": [], "start_line": 1}}, "classes": {"": {"executed_lines": [1, 2, 3, 4, 5, 7, 8, 9, 10, 11, 12, 14, 17, 18, 28, 29, 31, 83], "summary": {"covered_lines": 18, "num_statements": 117, "percent_covered": 15.384615384615385, "percent_covered_display": "15", "missing_lines": 99, "excluded_lines": 0, "percent_statements_covered": 15.384615384615385, "percent_statements_covered_display": "15"}, "missing_lines": [19, 20, 21, 23, 24, 25, 37, 39, 40, 44, 45, 55, 56, 59, 63, 65, 76, 78, 79, 80, 88, 89, 91, 92, 93, 94, 95, 96, 99, 101, 102, 103, 104, 105, 108, 110, 111, 112, 116, 118, 119, 124, 125, 126, 127, 128, 129, 132, 133, 136, 137, 138, 141, 144, 145, 148, 150, 152, 153, 154, 155, 157, 158, 159, 160, 161, 165, 166, 167, 168, 169, 170, 171, 172, 173, 175, 185, 188, 189, 190, 194, 195, 196, 200, 201, 210, 211, 218, 221, 222, 223, 227, 229, 236, 237, 238, 240, 244, 245], "excluded_lines": [], "start_line": 1}}}, "services/comprehension.py": {"executed_lines": [1, 2, 3, 4, 5, 6, 7, 9, 10, 11, 13, 15, 16, 17, 18, 20, 21, 22, 24, 25, 26, 27, 28, 29, 30, 32, 35, 36, 38, 39, 41, 53, 62, 63, 70, 72, 73, 75, 76, 77, 78, 79, 81, 86, 87, 94, 104, 110], "summary": {"covered_lines": 48, "num_statements": 71, "percent_covered": 67.6056338028169, "percent_covered_display": "68", "missing_lines": 23, "excluded_lines": 0, "percent_statements_covered": 67.6056338028169, "percent_statements_covered_display": "68"}, "missing_lines": [42, 45, 47, 65, 66, 67, 88, 95, 96, 97, 98, 99, 100, 102, 111, 112, 113, 114, 116, 117, 118, 119, 120], "excluded_lines": [], "functions": {"ComprehensionAgent.__init__": {"executed_lines": [36, 38, 39], "summary": {"covered_lines": 3, "num_statements": 3, "percent_covered": 100.0, "percent_covered_display": "100", "missing_lines": 0, "excluded_lines": 0, "percent_statements_covered": 100.0, "percent_statements_covered_display": "100"}, "missing_lines": [], "excluded_lines": [], "start_line": 35}, "ComprehensionAgent._get_llm": {"executed_lines": [], "summary": {"covered_lines": 0, "num_statements": 3, "percent_covered": 0.0, "percent_covered_display": "0", "missing_lines": 3, "excluded_lines": 0, "percent_statements_covered": 0.0, "percent_statements_covered_display": "0"}, "missing_lines": [42, 45, 47], "excluded_lines": [], "start_line": 41}, "ComprehensionAgent.generate_comprehension_brief": {"executed_lines": [62, 63, 70, 72, 73, 75, 76, 77, 78, 79, 81, 86, 87, 94, 104, 110], "summary": {"covered_lines": 16, "num_statements": 36, "percent_covered": 44.44444444444444, "percent_covered_display": "44", "missing_lines": 20, "excluded_lines": 0, "percent_statements_covered": 44.44444444444444, "percent_statements_covered_display": "44"}, "missing_lines": [65, 66, 67, 88, 95, 96, 97, 98, 99, 100, 102, 111, 112, 113, 114, 116, 117, 118, 119, 120], "excluded_lines": [], "start_line": 53}, "": {"executed_lines": [1, 2, 3, 4, 5, 6, 7, 9, 10, 11, 13, 15, 16, 17, 18, 20, 21, 22, 24, 25, 26, 27, 28, 29, 30, 32, 35, 41, 53], "summary": {"covered_lines": 29, "num_statements": 29, "percent_covered": 100.0, "percent_covered_display": "100", "missing_lines": 0, "excluded_lines": 0, "percent_statements_covered": 100.0, "percent_statements_covered_display": "100"}, "missing_lines": [], "excluded_lines": [], "start_line": 1}}, "classes": {"InsightItem": {"executed_lines": [], "summary": {"covered_lines": 0, "num_statements": 0, "percent_covered": 100.0, "percent_covered_display": "100", "missing_lines": 0, "excluded_lines": 0, "percent_statements_covered": 100.0, "percent_statements_covered_display": "100"}, "missing_lines": [], "excluded_lines": [], "start_line": 15}, "TargetAudience": {"executed_lines": [], "summary": {"covered_lines": 0, "num_statements": 0, "percent_covered": 100.0, "percent_covered_display": "100", "missing_lines": 0, "excluded_lines": 0, "percent_statements_covered": 100.0, "percent_statements_covered_display": "100"}, "missing_lines": [], "excluded_lines": [], "start_line": 20}, "ComprehensionBriefResponse": {"executed_lines": [], "summary": {"covered_lines": 0, "num_statements": 0, "percent_covered": 100.0, "percent_covered_display": "100", "missing_lines": 0, "excluded_lines": 0, "percent_statements_covered": 100.0, "percent_statements_covered_display": "100"}, "missing_lines": [], "excluded_lines": [], "start_line": 24}, "ComprehensionAgent": {"executed_lines": [36, 38, 39, 62, 63, 70, 72, 73, 75, 76, 77, 78, 79, 81, 86, 87, 94, 104, 110], "summary": {"covered_lines": 19, "num_statements": 42, "percent_covered": 45.23809523809524, "percent_covered_display": "45", "missing_lines": 23, "excluded_lines": 0, "percent_statements_covered": 45.23809523809524, "percent_statements_covered_display": "45"}, "missing_lines": [42, 45, 47, 65, 66, 67, 88, 95, 96, 97, 98, 99, 100, 102, 111, 112, 113, 114, 116, 117, 118, 119, 120], "excluded_lines": [], "start_line": 32}, "": {"executed_lines": [1, 2, 3, 4, 5, 6, 7, 9, 10, 11, 13, 15, 16, 17, 18, 20, 21, 22, 24, 25, 26, 27, 28, 29, 30, 32, 35, 41, 53], "summary": {"covered_lines": 29, "num_statements": 29, "percent_covered": 100.0, "percent_covered_display": "100", "missing_lines": 0, "excluded_lines": 0, "percent_statements_covered": 100.0, "percent_statements_covered_display": "100"}, "missing_lines": [], "excluded_lines": [], "start_line": 1}}}, "services/event_bus.py": {"executed_lines": [16, 17, 18, 19, 20, 22, 29, 31, 34, 42, 50, 51, 52, 53, 59, 69, 70, 71, 72, 73, 77, 79, 87, 88, 89, 90, 91, 92, 94, 105, 106, 108, 109, 110, 112, 113, 114, 115, 116, 117, 119, 120, 121, 122, 123, 130, 131, 133, 154, 161, 163, 186, 194, 196, 215, 221, 223, 242, 248, 250, 252, 254, 256, 264, 270, 271, 272, 273, 277, 281], "summary": {"covered_lines": 70, "num_statements": 74, "percent_covered": 94.5945945945946, "percent_covered_display": "95", "missing_lines": 4, "excluded_lines": 0, "percent_statements_covered": 94.5945945945946, "percent_statements_covered_display": "95"}, "missing_lines": [124, 125, 126, 292], "excluded_lines": [], "functions": {"TaskEventBus.__init__": {"executed_lines": [50, 51, 52, 53], "summary": {"covered_lines": 4, "num_statements": 4, "percent_covered": 100.0, "percent_covered_display": "100", "missing_lines": 0, "excluded_lines": 0, "percent_statements_covered": 100.0, "percent_statements_covered_display": "100"}, "missing_lines": [], "excluded_lines": [], "start_line": 42}, "TaskEventBus.subscribe": {"executed_lines": [69, 70, 71, 72, 73, 77], "summary": {"covered_lines": 6, "num_statements": 6, "percent_covered": 100.0, "percent_covered_display": "100", "missing_lines": 0, "excluded_lines": 0, "percent_statements_covered": 100.0, "percent_statements_covered_display": "100"}, "missing_lines": [], "excluded_lines": [], "start_line": 59}, "TaskEventBus.unsubscribe": {"executed_lines": [87, 88, 89, 90, 91, 92], "summary": {"covered_lines": 6, "num_statements": 6, "percent_covered": 100.0, "percent_covered_display": "100", "missing_lines": 0, "excluded_lines": 0, "percent_statements_covered": 100.0, "percent_statements_covered_display": "100"}, "missing_lines": [], "excluded_lines": [], "start_line": 79}, "TaskEventBus.publish": {"executed_lines": [105, 106, 108, 109, 110, 112, 113, 114, 115, 116, 117, 119, 120, 121, 122, 123, 130, 131], "summary": {"covered_lines": 18, "num_statements": 21, "percent_covered": 85.71428571428571, "percent_covered_display": "86", "missing_lines": 3, "excluded_lines": 0, "percent_statements_covered": 85.71428571428571, "percent_statements_covered_display": "86"}, "missing_lines": [124, 125, 126], "excluded_lines": [], "start_line": 94}, "TaskEventBus.publish_progress": {"executed_lines": [154, 161], "summary": {"covered_lines": 2, "num_statements": 2, "percent_covered": 100.0, "percent_covered_display": "100", "missing_lines": 0, "excluded_lines": 0, "percent_statements_covered": 100.0, "percent_statements_covered_display": "100"}, "missing_lines": [], "excluded_lines": [], "start_line": 133}, "TaskEventBus.publish_output": {"executed_lines": [186, 194], "summary": {"covered_lines": 2, "num_statements": 2, "percent_covered": 100.0, "percent_covered_display": "100", "missing_lines": 0, "excluded_lines": 0, "percent_statements_covered": 100.0, "percent_statements_covered_display": "100"}, "missing_lines": [], "excluded_lines": [], "start_line": 163}, "TaskEventBus.publish_complete": {"executed_lines": [215, 221], "summary": {"covered_lines": 2, "num_statements": 2, "percent_covered": 100.0, "percent_covered_display": "100", "missing_lines": 0, "excluded_lines": 0, "percent_statements_covered": 100.0, "percent_statements_covered_display": "100"}, "missing_lines": [], "excluded_lines": [], "start_line": 196}, "TaskEventBus.publish_error": {"executed_lines": [242, 248], "summary": {"covered_lines": 2, "num_statements": 2, "percent_covered": 100.0, "percent_covered_display": "100", "missing_lines": 0, "excluded_lines": 0, "percent_statements_covered": 100.0, "percent_statements_covered_display": "100"}, "missing_lines": [], "excluded_lines": [], "start_line": 223}, "TaskEventBus.get_subscriber_count": {"executed_lines": [252], "summary": {"covered_lines": 1, "num_statements": 1, "percent_covered": 100.0, "percent_covered_display": "100", "missing_lines": 0, "excluded_lines": 0, "percent_statements_covered": 100.0, "percent_statements_covered_display": "100"}, "missing_lines": [], "excluded_lines": [], "start_line": 250}, "TaskEventBus.get_stats": {"executed_lines": [256], "summary": {"covered_lines": 1, "num_statements": 1, "percent_covered": 100.0, "percent_covered_display": "100", "missing_lines": 0, "excluded_lines": 0, "percent_statements_covered": 100.0, "percent_statements_covered_display": "100"}, "missing_lines": [], "excluded_lines": [], "start_line": 254}, "TaskEventBus.cleanup_task": {"executed_lines": [270, 271, 272, 273], "summary": {"covered_lines": 4, "num_statements": 4, "percent_covered": 100.0, "percent_covered_display": "100", "missing_lines": 0, "excluded_lines": 0, "percent_statements_covered": 100.0, "percent_statements_covered_display": "100"}, "missing_lines": [], "excluded_lines": [], "start_line": 264}, "publish_task_event": {"executed_lines": [], "summary": {"covered_lines": 0, "num_statements": 1, "percent_covered": 0.0, "percent_covered_display": "0", "missing_lines": 1, "excluded_lines": 0, "percent_statements_covered": 0.0, "percent_statements_covered_display": "0"}, "missing_lines": [292], "excluded_lines": [], "start_line": 281}, "": {"executed_lines": [16, 17, 18, 19, 20, 22, 29, 31, 34, 42, 59, 79, 94, 133, 163, 196, 223, 250, 254, 264, 277, 281], "summary": {"covered_lines": 22, "num_statements": 22, "percent_covered": 100.0, "percent_covered_display": "100", "missing_lines": 0, "excluded_lines": 0, "percent_statements_covered": 100.0, "percent_statements_covered_display": "100"}, "missing_lines": [], "excluded_lines": [], "start_line": 1}}, "classes": {"TaskEventBus": {"executed_lines": [50, 51, 52, 53, 69, 70, 71, 72, 73, 77, 87, 88, 89, 90, 91, 92, 105, 106, 108, 109, 110, 112, 113, 114, 115, 116, 117, 119, 120, 121, 122, 123, 130, 131, 154, 161, 186, 194, 215, 221, 242, 248, 252, 256, 270, 271, 272, 273], "summary": {"covered_lines": 48, "num_statements": 51, "percent_covered": 94.11764705882354, "percent_covered_display": "94", "missing_lines": 3, "excluded_lines": 0, "percent_statements_covered": 94.11764705882354, "percent_statements_covered_display": "94"}, "missing_lines": [124, 125, 126], "excluded_lines": [], "start_line": 34}, "": {"executed_lines": [16, 17, 18, 19, 20, 22, 29, 31, 34, 42, 59, 79, 94, 133, 163, 196, 223, 250, 254, 264, 277, 281], "summary": {"covered_lines": 22, "num_statements": 23, "percent_covered": 95.65217391304348, "percent_covered_display": "96", "missing_lines": 1, "excluded_lines": 0, "percent_statements_covered": 95.65217391304348, "percent_statements_covered_display": "96"}, "missing_lines": [292], "excluded_lines": [], "start_line": 1}}}, "services/formatting.py": {"executed_lines": [1, 2, 3, 5, 13, 21, 22, 23, 26, 31, 32, 33, 34, 35, 37, 39, 41, 42, 43, 44, 45, 46, 47, 48, 49, 51, 52, 53, 54, 55, 56, 58, 59, 60, 62, 63, 64, 66, 69, 70, 71, 72, 73, 75, 76, 79, 84, 87, 88, 89, 90, 91, 93, 95, 97, 98, 99, 104, 105, 107, 108, 109, 114, 115, 116, 118, 119, 120, 125, 131, 132, 144, 145, 159, 160, 161, 162, 164, 165, 168, 170, 177, 180, 218, 226, 238, 295, 315, 330], "summary": {"covered_lines": 89, "num_statements": 236, "percent_covered": 37.71186440677966, "percent_covered_display": "38", "missing_lines": 147, "excluded_lines": 0, "percent_statements_covered": 37.71186440677966, "percent_statements_covered_display": "38"}, "missing_lines": [40, 67, 85, 96, 100, 101, 102, 103, 111, 112, 113, 121, 122, 126, 127, 128, 133, 134, 135, 136, 137, 138, 139, 140, 141, 146, 147, 148, 149, 150, 151, 152, 153, 154, 155, 156, 169, 171, 185, 186, 187, 188, 189, 190, 192, 194, 195, 196, 197, 198, 200, 201, 202, 203, 204, 205, 206, 207, 209, 210, 211, 212, 214, 215, 220, 221, 222, 223, 233, 234, 235, 249, 250, 251, 252, 253, 254, 256, 258, 259, 260, 261, 262, 264, 265, 266, 267, 268, 270, 272, 273, 274, 275, 276, 277, 278, 280, 281, 282, 283, 284, 286, 287, 288, 289, 291, 292, 301, 302, 303, 304, 305, 306, 312, 319, 320, 321, 322, 324, 325, 327, 335, 338, 339, 340, 341, 342, 343, 345, 346, 347, 348, 349, 350, 351, 352, 353, 355, 356, 357, 363, 364, 365, 366, 367, 368, 370], "excluded_lines": [], "functions": {"_split_long_sentence_segments": {"executed_lines": [31, 32, 33, 34, 35, 37, 51, 52, 53, 54, 55, 56, 58, 59, 60, 62, 63, 64, 66, 69, 70, 71, 72, 73, 75, 76], "summary": {"covered_lines": 26, "num_statements": 27, "percent_covered": 96.29629629629629, "percent_covered_display": "96", "missing_lines": 1, "excluded_lines": 0, "percent_statements_covered": 96.29629629629629, "percent_statements_covered_display": "96"}, "missing_lines": [67], "excluded_lines": [], "start_line": 26}, "_split_long_sentence_segments.push_chunk": {"executed_lines": [39, 41, 42, 43, 44, 45, 46, 47, 48, 49], "summary": {"covered_lines": 10, "num_statements": 11, "percent_covered": 90.9090909090909, "percent_covered_display": "91", "missing_lines": 1, "excluded_lines": 0, "percent_statements_covered": 90.9090909090909, "percent_statements_covered_display": "91"}, "missing_lines": [40], "excluded_lines": [], "start_line": 37}, "_merge_segments_into_sentences": {"executed_lines": [84, 87, 88, 89, 90, 91, 93, 118, 119, 120, 125, 131, 132, 144, 145, 159, 160, 161, 162, 164, 165, 168, 170, 177], "summary": {"covered_lines": 24, "num_statements": 52, "percent_covered": 46.15384615384615, "percent_covered_display": "46", "missing_lines": 28, "excluded_lines": 0, "percent_statements_covered": 46.15384615384615, "percent_statements_covered_display": "46"}, "missing_lines": [85, 121, 122, 126, 127, 128, 133, 134, 135, 136, 137, 138, 139, 140, 141, 146, 147, 148, 149, 150, 151, 152, 153, 154, 155, 156, 169, 171], "excluded_lines": [], "start_line": 79}, "_merge_segments_into_sentences.flush_sentence": {"executed_lines": [95, 97, 98, 99, 104, 105, 107, 108, 109, 114, 115, 116], "summary": {"covered_lines": 12, "num_statements": 20, "percent_covered": 60.0, "percent_covered_display": "60", "missing_lines": 8, "excluded_lines": 0, "percent_statements_covered": 60.0, "percent_statements_covered_display": "60"}, "missing_lines": [96, 100, 101, 102, 103, 111, 112, 113], "excluded_lines": [], "start_line": 93}, "_group_sentences_into_paragraphs": {"executed_lines": [], "summary": {"covered_lines": 0, "num_statements": 21, "percent_covered": 0.0, "percent_covered_display": "0", "missing_lines": 21, "excluded_lines": 0, "percent_statements_covered": 0.0, "percent_statements_covered_display": "0"}, "missing_lines": [185, 186, 187, 188, 189, 190, 192, 200, 201, 202, 203, 204, 205, 206, 207, 209, 210, 211, 212, 214, 215], "excluded_lines": [], "start_line": 180}, "_group_sentences_into_paragraphs.push_para": {"executed_lines": [], "summary": {"covered_lines": 0, "num_statements": 5, "percent_covered": 0.0, "percent_covered_display": "0", "missing_lines": 5, "excluded_lines": 0, "percent_statements_covered": 0.0, "percent_statements_covered_display": "0"}, "missing_lines": [194, 195, 196, 197, 198], "excluded_lines": [], "start_line": 192}, "_is_cjk_language": {"executed_lines": [], "summary": {"covered_lines": 0, "num_statements": 4, "percent_covered": 0.0, "percent_covered_display": "0", "missing_lines": 4, "excluded_lines": 0, "percent_statements_covered": 0.0, "percent_statements_covered_display": "0"}, "missing_lines": [220, 221, 222, 223], "excluded_lines": [], "start_line": 218}, "_paragraph_limits_for_language": {"executed_lines": [], "summary": {"covered_lines": 0, "num_statements": 3, "percent_covered": 0.0, "percent_covered_display": "0", "missing_lines": 3, "excluded_lines": 0, "percent_statements_covered": 0.0, "percent_statements_covered_display": "0"}, "missing_lines": [233, 234, 
[...]
splay": "92"}, "missing_lines": [142], "excluded_lines": [], "start_line": 135}, "find_late_punctuation_split": {"executed_lines": [158, 159, 161, 162, 163, 164, 165, 166, 167, 169], "summary": {"covered_lines": 10, "num_statements": 12, "percent_covered": 83.33333333333333, "percent_covered_display": "83", "missing_lines": 2, "excluded_lines": 0, "percent_statements_covered": 83.33333333333333, "percent_statements_covered_display": "83"}, "missing_lines": [160, 168], "excluded_lines": [], "start_line": 153}, "ensure_markdown_paragraphs": {"executed_lines": [175, 177, 179, 181, 183, 184, 185], "summary": {"covered_lines": 7, "num_statements": 8, "percent_covered": 87.5, "percent_covered_display": "88", "missing_lines": 1, "excluded_lines": 0, "percent_statements_covered": 87.5, "percent_statements_covered_display": "88"}, "missing_lines": [176], "excluded_lines": [], "start_line": 173}, "is_cjk_language": {"executed_lines": [], "summary": {"covered_lines": 0, "num_statements": 4, "percent_covered": 0.0, "percent_covered_display": "0", "missing_lines": 4, "excluded_lines": 0, "percent_statements_covered": 0.0, "percent_statements_covered_display": "0"}, "missing_lines": [189, 190, 191, 192], "excluded_lines": [], "start_line": 187}, "remove_timestamps_and_meta": {"executed_lines": [195, 196, 197, 198, 199, 200, 201, 202, 204, 212, 218, 221, 223, 224], "summary": {"covered_lines": 14, "num_statements": 21, "percent_covered": 66.66666666666667, "percent_covered_display": "67", "missing_lines": 7, "excluded_lines": 0, "percent_statements_covered": 66.66666666666667, "percent_statements_covered_display": "67"}, "missing_lines": [206, 207, 209, 210, 211, 214, 219], "excluded_lines": [], "start_line": 193}, "remove_transcript_heading": {"executed_lines": [], "summary": {"covered_lines": 0, "num_statements": 11, "percent_covered": 0.0, "percent_covered_display": "0", "missing_lines": 11, "excluded_lines": 0, "percent_statements_covered": 0.0, "percent_statements_covered_display": "0"}, "missing_lines": [228, 229, 230, 232, 233, 234, 235, 236, 237, 238, 239], "excluded_lines": [], "start_line": 226}, "extract_first_json_object": {"executed_lines": [243, 244, 245, 246, 247, 248, 249, 250, 251, 252], "summary": {"covered_lines": 10, "num_statements": 10, "percent_covered": 100.0, "percent_covered_display": "100", "missing_lines": 0, "excluded_lines": 0, "percent_statements_covered": 100.0, "percent_statements_covered_display": "100"}, "missing_lines": [], "excluded_lines": [], "start_line": 241}, "enforce_paragraph_max_chars": {"executed_lines": [], "summary": {"covered_lines": 0, "num_statements": 32, "percent_covered": 0.0, "percent_covered_display": "0", "missing_lines": 32, "excluded_lines": 0, "percent_statements_covered": 0.0, "percent_statements_covered_display": "0"}, "missing_lines": [256, 257, 258, 259, 260, 261, 262, 263, 264, 265, 267, 268, 269, 270, 271, 272, 274, 275, 276, 277, 278, 279, 280, 281, 282, 283, 284, 285, 287, 288, 289, 290], "excluded_lines": [], "start_line": 254}, "extract_pure_text": {"executed_lines": [296, 297, 298, 299, 301, 302, 304, 306, 314, 318, 320], "summary": {"covered_lines": 11, "num_statements": 18, "percent_covered": 61.111111111111114, "percent_covered_display": "61", "missing_lines": 7, "excluded_lines": 0, "percent_statements_covered": 61.111111111111114, "percent_statements_covered_display": "61"}, "missing_lines": [305, 308, 309, 311, 312, 313, 317], "excluded_lines": [], "start_line": 292}, "split_into_sentences": {"executed_lines": [], "summary": {"covered_lines": 0, "num_statements": 15, "percent_covered": 0.0, "percent_covered_display": "0", "missing_lines": 15, "excluded_lines": 0, "percent_statements_covered": 0.0, "percent_statements_covered_display": "0"}, "missing_lines": [326, 329, 332, 334, 335, 337, 338, 340, 341, 342, 343, 346, 349, 350, 352], "excluded_lines": [], "start_line": 322}, "join_sentences": {"executed_lines": [], "summary": {"covered_lines": 0, "num_statements": 1, "percent_covered": 0.0, "percent_covered_display": "0", "missing_lines": 1, "excluded_lines": 0, "percent_statements_covered": 0.0, "percent_statements_covered_display": "0"}, "missing_lines": [358], "excluded_lines": [], "start_line": 354}, "detect_language": {"executed_lines": [362, 366, 374, 375, 376, 380, 381, 384, 385, 388, 389, 391, 393, 395, 398], "summary": {"covered_lines": 15, "num_statements": 25, "percent_covered": 60.0, "percent_covered_display": "60", "missing_lines": 10, "excluded_lines": 0, "percent_statements_covered": 60.0, "percent_statements_covered_display": "60"}, "missing_lines": [363, 367, 368, 369, 370, 371, 377, 392, 394, 396], "excluded_lines": [], "start_line": 360}, "smart_chunk_text": {"executed_lines": [], "summary": {"covered_lines": 0, "num_statements": 42, "percent_covered": 0.0, "percent_covered_display": "0", "missing_lines": 42, "excluded_lines": 0, "percent_statements_covered": 0.0, "percent_statements_covered_display": "0"}, "missing_lines": [402, 403, 404, 405, 406, 407, 409, 412, 413, 414, 416, 417, 419, 421, 422, 425, 426, 428, 429, 430, 433, 435, 436, 437, 438, 439, 441, 442, 443, 444, 445, 446, 448, 449, 450, 451, 452, 453, 455, 456, 457, 459], "excluded_lines": [], "start_line": 400}, "": {"executed_lines": [1, 4, 8, 10, 11, 12, 13, 14, 16, 38, 58, 64, 80, 104, 119, 135, 153, 173, 187, 193, 226, 241, 254, 292, 322, 354, 360, 400], "summary": {"covered_lines": 28, "num_statements": 28, "percent_covered": 100.0, "percent_covered_display": "100", "missing_lines": 0, "excluded_lines": 0, "percent_statements_covered": 100.0, "percent_statements_covered_display": "100"}, "missing_lines": [], "excluded_lines": [], "start_line": 1}}, "classes": {"": {"executed_lines": [1, 4, 8, 10, 11, 12, 13, 14, 16, 38, 47, 48, 49, 50, 58, 60, 62, 64, 70, 71, 72, 73, 75, 76, 78, 80, 81, 82, 85, 89, 90, 91, 97, 98, 99, 100, 102, 104, 105, 106, 110, 111, 114, 115, 117, 119, 121, 122, 124, 125, 126, 127, 128, 131, 132, 133, 135, 140, 141, 143, 144, 145, 146, 147, 148, 149, 150, 151, 153, 158, 159, 161, 162, 163, 164, 165, 166, 167, 169, 173, 175, 177, 179, 181, 183, 184, 185, 187, 193, 195, 196, 197, 198, 199, 200, 201, 202, 204, 212, 218, 221, 223, 224, 226, 241, 243, 244, 245, 246, 247, 248, 249, 250, 251, 252, 254, 292, 296, 297, 298, 299, 301, 302, 304, 306, 314, 318, 320, 322, 354, 360, 362, 366, 374, 375, 376, 380, 381, 384, 385, 388, 389, 391, 393, 395, 398, 400], "summary": {"covered_lines": 147, "num_statements": 295, "percent_covered": 49.83050847457627, "percent_covered_display": "50", "missing_lines": 148, "excluded_lines": 0, "percent_statements_covered": 49.83050847457627, "percent_statements_covered_display": "50"}, "missing_lines": [51, 52, 53, 54, 55, 56, 61, 74, 86, 92, 93, 94, 107, 123, 129, 142, 160, 168, 176, 189, 190, 191, 192, 206, 207, 209, 210, 211, 214, 219, 228, 229, 230, 232, 233, 234, 235, 236, 237, 238, 239, 256, 257, 258, 259, 260, 261, 262, 263, 264, 265, 267, 268, 269, 270, 271, 272, 274, 275, 276, 277, 278, 279, 280, 281, 282, 283, 284, 285, 287, 288, 289, 290, 305, 308, 309, 311, 312, 313, 317, 326, 329, 332, 334, 335, 337, 338, 340, 341, 342, 343, 346, 349, 350, 352, 358, 363, 367, 368, 369, 370, 371, 377, 392, 394, 396, 402, 403, 404, 405, 406, 407, 409, 412, 413, 414, 416, 417, 419, 421, 422, 425, 426, 428, 429, 430, 433, 435, 436, 437, 438, 439, 441, 442, 443, 444, 445, 446, 448, 449, 450, 451, 452, 453, 455, 456, 457, 459], "excluded_lines": [], "start_line": 1}}}, "utils/url.py": {"executed_lines": [1, 4, 12, 13, 15, 18, 19, 21, 22, 24, 25, 26, 27, 28, 29, 32, 33, 36, 37, 38, 40, 41, 42, 43, 46, 47, 48, 49, 50, 51, 53, 57, 61, 73, 74, 75, 76, 77, 80, 81, 84, 87, 89], "summary": {"covered_lines": 43, "num_statements": 45, "percent_covered": 95.55555555555556, "percent_covered_display": "96", "missing_lines": 2, "excluded_lines": 0, "percent_statements_covered": 95.55555555555556, "percent_statements_covered_display": "96"}, "missing_lines": [91, 93], "excluded_lines": [], "functions": {"normalize_video_url": {"executed_lines": [12, 13, 15, 18, 19, 21, 22, 24, 25, 26, 27, 28, 29, 32, 33, 36, 37, 38, 40, 41, 42, 43, 46, 47, 48, 49, 50, 51, 53, 57, 61, 73, 74, 75, 76, 77, 80, 81, 84, 87, 89], "summary": {"covered_lines": 41, "num_statements": 43, "percent_covered": 95.34883720930233, "percent_covered_display": "95", "missing_lines": 2, "excluded_lines": 0, "percent_statements_covered": 95.34883720930233, "percent_statements_covered_display": "95"}, "missing_lines": [91, 93], "excluded_lines": [], "start_line": 4}, "": {"executed_lines": [1, 4], "summary": {"covered_lines": 2, "num_statements": 2, "percent_covered": 100.0, "percent_covered_display": "100", "missing_lines": 0, "excluded_lines": 0, "percent_statements_covered": 100.0, "percent_statements_covered_display": "100"}, "missing_lines": [], "excluded_lines": [], "start_line": 1}}, "classes": {"": {"executed_lines": [1, 4, 12, 13, 15, 18, 19, 21, 22, 24, 25, 26, 27, 28, 29, 32, 33, 36, 37, 38, 40, 41, 42, 43, 46, 47, 48, 49, 50, 51, 53, 57, 61, 73, 74, 75, 76, 77, 80, 81, 84, 87, 89], "summary": {"covered_lines": 43, "num_statements": 45, "percent_covered": 95.55555555555556, "percent_covered_display": "96", "missing_lines": 2, "excluded_lines": 0, "percent_statements_covered": 95.55555555555556, "percent_statements_covered_display": "96"}, "missing_lines": [91, 93], "excluded_lines": [], "start_line": 1}}}, "workflow.py": {"executed_lines": [1, 2, 3, 4, 5, 6, 7, 8, 10, 13, 14, 15, 16, 17, 18, 19, 20, 21, 22, 25, 28, 29, 30, 31, 32, 33, 38, 40, 41, 42, 43, 46, 47, 48, 49, 52, 53, 54, 55, 56, 58, 59, 60, 61, 64, 65, 69, 70, 71, 77, 79, 80, 81, 82, 89, 96, 99, 103, 104, 105, 106, 107, 110, 117, 118, 119, 120, 161, 162, 165, 166, 171, 177, 178, 179, 180, 186, 187, 188, 189, 195, 203, 206, 207, 208, 209, 215, 216, 232, 233, 234, 237, 238, 239, 241, 242, 243, 249, 252, 253, 255, 263, 272, 273, 279, 285, 286, 289, 290, 296, 301, 305, 306, 308, 315, 317, 318, 319, 326, 329, 331, 333, 337, 344, 345, 346, 347, 350, 357, 358, 361, 364, 365, 366, 375, 381, 382, 385, 388, 389, 392, 393, 396, 397, 399, 400, 401, 402, 403, 406, 407, 409, 416, 424, 430, 431, 432, 434, 439, 453, 459, 460, 461, 462, 470, 472, 476, 480, 481, 483, 485, 487, 496, 504, 510, 516, 517, 519, 520, 521, 522, 528, 531, 532, 533, 534, 535, 538, 540, 541, 542, 549, 554, 560, 561, 562, 570, 578, 586, 587, 588, 589, 597, 600, 602, 604, 605, 607, 616, 621, 629, 630, 631, 634, 635, 638, 641, 647, 652, 662, 663, 666, 670, 677, 678, 679, 680, 681, 682, 683, 684, 690, 693, 695, 696, 698, 705, 706, 707, 708, 715, 716, 720, 728, 729, 735, 741, 742, 746, 749, 750, 751, 752, 753, 754, 756, 757, 762, 763, 764, 766, 769], "summary": {"covered_lines": 262, "num_statements": 327, "percent_covered": 80.1223241590214, "percent_covered_display": "80", "missing_lines": 65, "excluded_lines": 0, "percent_statements_covered": 80.1223241590214, "percent_statements_covered_display": "80"}, "missing_lines": [122, 123, 124, 127, 133, 134, 137, 138, 139, 140, 141, 142, 145, 146, 147, 148, 151, 152, 153, 154, 155, 158, 168, 169, 201, 202, 217, 218, 219, 220, 226, 334, 335, 359, 426, 427, 440, 441, 445, 505, 506, 507, 518, 523, 524, 526, 529, 536, 608, 613, 617, 618, 642, 643, 655, 660, 667, 668, 709, 710, 711, 712, 743, 744, 745], "excluded_lines": [], "functions": {"check_cache": {"executed_lines": [79, 80, 81, 82, 89, 96, 99, 103, 104, 105, 106, 107, 110, 117, 118, 119, 120, 161, 162, 165, 166, 171], "summary": {"covered_lines": 22, "num_statements": 46, "percent_covered": 47.82608695652174, "percent_covered_display": "48", "missing_lines": 24, "excluded_lines": 0, "percent_statements_covered": 47.82608695652174, "percent_statements_covered_display": "48"}, "missing_lines": [122, 123, 124, 127, 133, 134, 137, 138, 139, 140, 141, 142, 145, 146, 147, 148, 151, 152, 153, 154, 155, 158, 168, 169], "excluded_lines": [], "start_line": 77}, "_ingest_supadata": {"executed_lines": [178, 179, 180, 186, 187, 188, 189, 195, 203], "summary": {"covered_lines": 9, "num_statements": 11, "percent_covered": 81.81818181818181, "percent_covered_display": "82", "missing_lines": 2, "excluded_lines": 0, "percent_statements_covered": 81.81818181818181, "percent_statements_covered_display": "82"}, "missing_lines": [201, 202], "excluded_lines": [], "start_line": 177}, "_ingest_vtt": {"executed_lines": [207, 208, 209, 215, 216, 232, 233, 234], "summary": {"covered_lines": 8, "num_statements": 13, "percent_covered": 61.53846153846154, "percent_covered_display": "62", "missing_lines": 5, "excluded_lines": 0, "percent_statements_covered": 61.53846153846154, "percent_statements_covered_display": "62"}, "missing_lines": [217, 218, 219, 220, 226], "excluded_lines": [], "start_line": 206}, "_ingest_whisper": {"executed_lines": [238, 239, 241, 242, 243, 249, 252, 253, 255, 263, 272, 273, 279, 285, 286, 289, 290, 296, 301, 305, 306, 308, 315, 317, 318, 319, 326], "summary": {"covered_lines": 27, "num_statements": 27, "percent_covered": 100.0, "percent_covered_display": "100", "missing_lines": 0, "excluded_lines": 0, "percent_statements_covered": 100.0, "percent_statements_covered_display": "100"}, "missing_lines": [], "excluded_lines": [], "start_line": 237}, "ingest": {"executed_lines": [331, 333, 337, 344, 345, 346, 347, 350, 357, 358, 361, 364, 365, 366, 375, 381, 382, 385, 388, 389, 392, 393, 396, 397, 399, 400, 401, 402, 403, 406, 407, 409, 416, 424, 430, 431, 432, 434, 439, 453], "summary": {"covered_lines": 40, "num_statements": 48, "percent_covered": 83.33333333333333, "percent_covered_display": "83", "missing_lines": 8, "excluded_lines": 0, "percent_statements_covered": 83.33333333333333, "percent_statements_covered_display": "83"}, "missing_lines": [334, 335, 359, 426, 427, 440, 441, 445], "excluded_lines": [], "start_line": 329}, "_run_classify": {"executed_lines": [460, 461, 462, 470, 472, 476, 480, 481, 483, 485, 487, 496, 504], "summary": {"covered_lines": 13, "num_statements": 16, "percent_covered": 81.25, "percent_covered_display": "81", "missing_lines": 3, "excluded_lines": 0, "percent_statements_covered": 81.25, "percent_statements_covered_display": "81"}, "missing_lines": [505, 506, 507], "excluded_lines": [], "start_line": 459}, "_run_summarize": {"executed_lines": [516, 540, 541, 542, 549, 554, 560, 561, 562, 570, 578, 586, 587, 588, 589, 597], "summary": {"covered_lines": 16, "num_statements": 16, "percent_covered": 100.0, "percent_covered_display": "100", "missing_lines": 0, "excluded_lines": 0, "percent_statements_covered": 100.0, "percent_statements_covered_display": "100"}, "missing_lines": [], "excluded_lines": [], "start_line": 510}, "_run_summarize._parse_summary_payload": {"executed_lines": [517, 519, 520, 521, 522, 528, 531, 532, 533, 534, 535, 538], "summary": {"covered_lines": 12, "num_statements": 18, "percent_covered": 66.66666666666667, "percent_covered_display": "67", "missing_lines": 6, "excluded_lines": 0, "percent_statements_covered": 66.66666666666667, "percent_statements_covered_display": "67"}, "missing_lines": [518, 523, 524, 526, 529, 536], "excluded_lines": [], "start_line": 516}, "cognition": {"executed_lines": [602, 604, 605, 607, 616, 621, 629, 630, 631, 634, 635, 638, 641, 647, 652, 662, 663, 666, 670, 677, 678, 679, 680, 681, 682, 683, 684, 690], "summary": {"covered_lines": 28, "num_statements": 38, "percent_covered": 73.6842105263158, "percent_covered_display": "74", "missing_lines": 10, "excluded_lines": 0, "percent_statements_covered": 73.6842105263158, "percent_statements_covered_display": "74"}, "missing_lines": [608, 613, 617, 618, 642, 643, 655, 660, 667, 668], "excluded_lines": [], "start_line": 600}, "cleanup": {"executed_lines": [695, 696, 698, 705, 706, 707, 708, 715, 716, 720, 728, 729, 735], "summary": {"covered_lines": 13, "num_statements": 17, "percent_covered": 76.47058823529412, "percent_covered_display": "76", "missing_lines": 4, "excluded_lines": 0, "percent_statements_covered": 76.47058823529412, "percent_statements_covered_display": "76"}, "missing_lines": [709, 710, 711, 712], "excluded_lines": [], "start_line": 693}, "route_after_cache": {"executed_lines": [742, 746], "summary": {"covered_lines": 2, "num_statements": 5, "percent_covered": 40.0, "percent_covered_display": "40", "missing_lines": 3, "excluded_lines": 0, "percent_statements_covered": 40.0, "percent_statements_covered_display": "40"}, "missing_lines": [743, 744, 745], "excluded_lines": [], "start_line": 741}, "build_graph": {"executed_lines": [750, 751, 752, 753, 754, 756, 757, 762, 763, 764, 766], "summary": {"covered_lines": 11, "num_statements": 11, "percent_covered": 100.0, "percent_covered_display": "100", "missing_lines": 0, "excluded_lines": 0, "percent_statements_covered": 100.0, "percent_statements_covered_display": "100"}, "missing_lines": [], "excluded_lines": [], "start_line": 749}, "": {"executed_lines": [1, 2, 3, 4, 5, 6, 7, 8, 10, 13, 14, 15, 16, 17, 18, 19, 20, 21, 22, 25, 28, 29, 30, 31, 32, 33, 38, 40, 41, 42, 43, 46, 47, 48, 49, 52, 53, 54, 55, 56, 58, 59, 60, 61, 64, 65, 69, 70, 71, 77, 177, 206, 237, 329, 459, 510, 600, 693, 741, 749, 769], "summary": {"covered_lines": 61, "num_statements": 61, "percent_covered": 100.0, "percent_covered_display": "100", "missing_lines": 0, "excluded_lines": 0, "percent_statements_covered": 100.0, "percent_statements_covered_display": "100"}, "missing_lines": [], "excluded_lines": [], "start_line": 1}}, "classes": {"VideoProcessingState": {"executed_lines": [], "summary": {"covered_lines": 0, "num_statements": 0, "percent_covered": 100.0, "percent_covered_display": "100", "missing_lines": 0, "excluded_lines": 0, "percent_statements_covered": 100.0, "percent_statements_covered_display": "100"}, "missing_lines": [], "excluded_lines": [], "start_line": 38}, "": {"executed_lines": [1, 2, 3, 4, 5, 6, 7, 8, 10, 13, 14, 15, 16, 17, 18, 19, 20, 21, 22, 25, 28, 29, 30, 31, 32, 33, 38, 40, 41, 42, 43, 46, 47, 48, 49, 52, 53, 54, 55, 56, 58, 59, 60, 61, 64, 65, 69, 70, 71, 77, 79, 80, 81, 82, 89, 96, 99, 103, 104, 105, 106, 107, 110, 117, 118, 119, 120, 161, 162, 165, 166, 171, 177, 178, 179, 180, 186, 187, 188, 189, 195, 203, 206, 207, 208, 209, 215, 216, 232, 233, 234, 237, 238, 239, 241, 242, 243, 249, 252, 253, 255, 263, 272, 273, 279, 285, 286, 289, 290, 296, 301, 305, 306, 308, 315, 317, 318, 319, 326, 329, 331, 333, 337, 344, 345, 346, 347, 350, 357, 358, 361, 364, 365, 366, 375, 381, 382, 385, 388, 389, 392, 393, 396, 397, 399, 400, 401, 402, 403, 406, 407, 409, 416, 424, 430, 431, 432, 434, 439, 453, 459, 460, 461, 462, 470, 472, 476, 480, 481, 483, 485, 487, 496, 504, 510, 516, 517, 519, 520, 521, 522, 528, 531, 532, 533, 534, 535, 538, 540, 541, 542, 549, 554, 560, 561, 562, 570, 578, 586, 587, 588, 589, 597, 600, 602, 604, 605, 607, 616, 621, 629, 630, 631, 634, 635, 638, 641, 647, 652, 662, 663, 666, 670, 677, 678, 679, 680, 681, 682, 683, 684, 690, 693, 695, 696, 698, 705, 706, 707, 708, 715, 716, 720, 728, 729, 735, 741, 742, 746, 749, 750, 751, 752, 753, 754, 756, 757, 762, 763, 764, 766, 769], "summary": {"covered_lines": 262, "num_statements": 327, "percent_covered": 80.1223241590214, "percent_covered_display": "80", "missing_lines": 65, "excluded_lines": 0, "percent_statements_covered": 80.1223241590214, "percent_statements_covered_display": "80"}, "missing_lines": [122, 123, 124, 127, 133, 134, 137, 138, 139, 140, 141, 142, 145, 146, 147, 148, 151, 152, 153, 154, 155, 158, 168, 169, 201, 202, 217, 218, 219, 220, 226, 334, 335, 359, 426, 427, 440, 441, 445, 505, 506, 507, 518, 523, 524, 526, 529, 536, 608, 613, 617, 618, 642, 643, 655, 660, 667, 668, 709, 710, 711, 712, 743, 744, 745], "excluded_lines": [], "start_line": 1}}}}, "totals": {"covered_lines": 2839, "num_statements": 5270, "percent_covered": 53.87096774193548, "percent_covered_display": "54", "missing_lines": 2431, "excluded_lines": 0, "percent_statements_covered": 53.87096774193548, "percent_statements_covered_display": "54"}}